<?xml version="1.0" encoding="UTF-8"?>
<testsuite xmlns:xsi="http://www.w3.org/2001/XMLSchema-instance" xsi:noNamespaceSchemaLocation="https://maven.apache.org/surefire/maven-surefire-plugin/xsd/surefire-test-report-3.0.xsd" version="3.0" name="com.jzs.ms_atenciones_medicas.repository.AtMedicasRepositoryTest" time="1.517" tests="2" errors="0" skipped="0" failures="0">
  <properties>
[...]
</properties>
  <testcase name="buscarPacientePorRutTest" classname="com.jzs.ms_atenciones_medicas.repository.AtMedicasRepositoryTest" time="0.401">
    <system-out><![CDATA[2024-04-27T11:09:57.062-04:00 DEBUG 31184 --- [ms_atenciones_medicas] [           main] b.t.a.o.j.DataJpaTestContextBootstrapper : Neither @ContextConfiguration nor @ContextHierarchy found for test class [AtMedicasRepositoryTest]: using SpringBootContextLoader
2024-04-27T11:09:57.063-04:00 DEBUG 31184 --- [ms_atenciones_medicas] [           main] o.s.t.c.support.AbstractContextLoader    : Could not detect default resource locations for test class [com.jzs.ms_atenciones_medicas.repository.AtMedicasRepositoryTest]: no resource found for suffixes {-context.xml, Context.groovy}.
2024-04-27T11:09:57.063-04:00  INFO 31184 --- [ms_atenciones_medicas] [           main] t.c.s.AnnotationConfigContextLoaderUtils : Could not detect default configuration classes for test class [com.jzs.ms_atenciones_medicas.repository.AtMedicasRepositoryTest]: AtMedicasRepositoryTest does not declare any static, non-private, non-final, nested classes annotated with @Configuration.
2024-04-27T11:09:57.063-04:00 DEBUG 31184 --- [ms_atenciones_medicas] [           main] b.t.a.o.j.DataJpaTestContextBootstrapper : Using ContextCustomizerFactory implementations for test class [AtMedicasRepositoryTest]: [ImportsContextCustomizerFactory, ExcludeFilterContextCustomizerFactory, HttpGraphQlTesterContextCustomizerFactory, DuplicateJsonObjectContextCustomizerFactory, MockitoContextCustomizerFactory, TestRestTemplateContextCustomizerFactory, WebTestClientContextCustomizerFactory, OverrideAutoConfigurationContextCustomizerFactory, ObservabilityContextCustomizerFactory, TypeExcludeFiltersContextCustomizerFactory, PropertyMappingContextCustomizerFactory, WebDriverContextCustomizerFactory, MockServerContainerContextCustomizerFactory, DynamicPropertiesContextCustomizerFactory]
2024-04-27T11:09:57.074-04:00 DEBUG 31184 --- [ms_atenciones_medicas] [           main] b.t.a.o.j.DataJpaTestContextBootstrapper : Using ContextCustomizers for test class [AtMedicasRepositoryTest]: [ImportsContextCustomizer, ExcludeFilterContextCustomizer, DuplicateJsonObjectContextCustomizer, MockitoContextCustomizer, DisableAutoConfigurationContextCustomizer, DisableObservabilityContextCustomizer, TypeExcludeFiltersContextCustomizer, PropertyMappingContextCustomizer, WebDriverContextCustomizer]
2024-04-27T11:09:57.083-04:00 DEBUG 31184 --- [ms_atenciones_medicas] [           main] ssPathScanningCandidateComponentProvider : Identified candidate component class: file [C:\Users\jaime\Mi unidad\ING-SOFTWARE\DESARROLLO FULLSTACK I_001A\code\ms_atenciones_medicas_v2\target\classes\com\jzs\ms_atenciones_medicas\MsAtencionesMedicasApplication.class]
2024-04-27T11:09:57.083-04:00  INFO 31184 --- [ms_atenciones_medicas] [           main] .b.t.c.SpringBootTestContextBootstrapper : Found @SpringBootConfiguration com.jzs.ms_atenciones_medicas.MsAtencionesMedicasApplication for test class com.jzs.ms_atenciones_medicas.repository.AtMedicasRepositoryTest
2024-04-27T11:09:57.084-04:00 DEBUG 31184 --- [ms_atenciones_medicas] [           main] .s.t.c.u.TestContextSpringFactoriesUtils : Skipping candidate TestExecutionListener [org.springframework.test.context.observation.MicrometerObservationRegistryTestExecutionListener] due to a missing dependency. Specify custom TestExecutionListener classes or make the default TestExecutionListener classes and their required dependencies available. Offending class: io.micrometer.context.ThreadLocalAccessor. MicrometerObservationRegistryTestExecutionListener requires io.micrometer:micrometer-observation:1.10.8 or higher and io.micrometer:context-propagation:1.0.3 or higher.
2024-04-27T11:09:57.084-04:00 DEBUG 31184 --- [ms_atenciones_medicas] [           main] b.t.a.o.j.DataJpaTestContextBootstrapper : Using TestExecutionListeners for test class [AtMedicasRepositoryTest]: [ServletTestExecutionListener, DirtiesContextBeforeModesTestExecutionListener, ApplicationEventsTestExecutionListener, MockitoTestExecutionListener, DependencyInjectionTestExecutionListener, DirtiesContextTestExecutionListener, TransactionalTestExecutionListener, SqlScriptsTestExecutionListener, EventPublishingTestExecutionListener, ResetMocksTestExecutionListener, RestDocsTestExecutionListener, MockRestServiceServerResetTestExecutionListener, MockMvcPrintOnlyOnFailureTestExecutionListener, WebDriverTestExecutionListener, MockWebServiceServerTestExecutionListener]
2024-04-27T11:09:57.084-04:00 DEBUG 31184 --- [ms_atenciones_medicas] [           main] sContextBeforeModesTestExecutionListener : Before test class: class [AtMedicasRepositoryTest], class annotated with @DirtiesContext [false] with mode [null]
2024-04-27T11:09:57.085-04:00 DEBUG 31184 --- [ms_atenciones_medicas] [           main] DependencyInjectionTestExecutionListener : Performing dependency injection for test class com.jzs.ms_atenciones_medicas.repository.AtMedicasRepositoryTest
2024-04-27T11:09:57.087-04:00  INFO 31184 --- [ms_atenciones_medicas] [           main] o.s.b.d.r.RestartApplicationListener     : Restart disabled due to context in which it is running
2024-04-27T11:09:57.104-04:00 DEBUG 31184 --- [ms_atenciones_medicas] [           main] o.s.boot.ApplicationEnvironment          : Activating profiles []
2024-04-27T11:09:57.107-04:00 DEBUG 31184 --- [ms_atenciones_medicas] [           main] o.s.c.e.PropertySourcesPropertyResolver  : Found key 'spring.application.name' in PropertySource 'configurationProperties' with value of type String

  .   ____          _            __ _ _
 /\\ / ___'_ __ _ _(_)_ __  __ _ \ \ \ \
( ( )\___ | '_ | '_| | '_ \/ _` | \ \ \ \
 \\/  ___)| |_)| | | | | || (_| |  ) ) ) )
  '  |____| .__|_| |_|_| |_\__, | / / / /
 =========|_|==============|___/=/_/_/_/
 :: Spring Boot ::                (v3.2.4)

2024-04-27T11:09:57.116-04:00  INFO 31184 --- [ms_atenciones_medicas] [           main] c.j.m.r.AtMedicasRepositoryTest          : Starting AtMedicasRepositoryTest using Java 21.0.2 with PID 31184 (started by jaime in C:\Users\jaime\Mi unidad\ING-SOFTWARE\DESARROLLO FULLSTACK I_001A\code\ms_atenciones_medicas_v2)
2024-04-27T11:09:57.116-04:00  INFO 31184 --- [ms_atenciones_medicas] [           main] c.j.m.r.AtMedicasRepositoryTest          : No active profile set, falling back to 1 default profile: "default"
2024-04-27T11:09:57.116-04:00 DEBUG 31184 --- [ms_atenciones_medicas] [           main] o.s.boot.SpringApplication               : Loading source class com.jzs.ms_atenciones_medicas.MsAtencionesMedicasApplication
2024-04-27T11:09:57.118-04:00 DEBUG 31184 --- [ms_atenciones_medicas] [           main] s.c.a.AnnotationConfigApplicationContext : Refreshing org.springframework.context.annotation.AnnotationConfigApplicationContext@2202eee0
2024-04-27T11:09:57.118-04:00 DEBUG 31184 --- [ms_atenciones_medicas] [           main] o.s.b.f.s.DefaultListableBeanFactory     : Creating shared instance of singleton bean 'org.springframework.context.annotation.internalConfigurationAnnotationProcessor'
2024-04-27T11:09:57.118-04:00 DEBUG 31184 --- [ms_atenciones_medicas] [           main] o.s.b.f.s.DefaultListableBeanFactory     : Creating shared instance of singleton bean 'org.springframework.boot.autoconfigure.internalCachingMetadataReaderFactory'
2024-04-27T11:09:57.224-04:00  INFO 31184 --- [ms_atenciones_medicas] [           main] .s.d.r.c.RepositoryConfigurationDelegate : Bootstrapping Spring Data JPA repositories in DEFAULT mode.
2024-04-27T11:09:57.225-04:00 DEBUG 31184 --- [ms_atenciones_medicas] [           main] o.s.b.f.s.DefaultListableBeanFactory     : Creating shared instance of singleton bean 'org.springframework.boot.autoconfigure.AutoConfigurationPackages'
2024-04-27T11:09:57.225-04:00 DEBUG 31184 --- [ms_atenciones_medicas] [           main] o.s.b.a.AutoConfigurationPackages        : @EnableAutoConfiguration was declared on a class in the package 'com.jzs.ms_atenciones_medicas'. Automatic @Repository and @Entity scanning is enabled.
2024-04-27T11:09:57.225-04:00 DEBUG 31184 --- [ms_atenciones_medicas] [           main] .s.d.r.c.RepositoryConfigurationDelegate : Scanning for JPA repositories in packages com.jzs.ms_atenciones_medicas.
2024-04-27T11:09:57.228-04:00 DEBUG 31184 --- [ms_atenciones_medicas] [           main] o.s.d.r.c.RepositoryComponentProvider    : Identified candidate component class: file [C:\Users\jaime\Mi unidad\ING-SOFTWARE\DESARROLLO FULLSTACK I_001A\code\ms_atenciones_medicas_v2\target\classes\com\jzs\ms_atenciones_medicas\repository\AtMedicasRepository.class]
2024-04-27T11:09:57.232-04:00 DEBUG 31184 --- [ms_atenciones_medicas] [           main] ssPathScanningCandidateComponentProvider : Identified candidate component class: file [C:\Users\jaime\Mi unidad\ING-SOFTWARE\DESARROLLO FULLSTACK I_001A\code\ms_atenciones_medicas_v2\target\classes\com\jzs\ms_atenciones_medicas\service\AtMedicasServiceImpl.class]
2024-04-27T11:09:57.233-04:00  INFO 31184 --- [ms_atenciones_medicas] [           main] .s.d.r.c.RepositoryConfigurationDelegate : Finished Spring Data repository scanning in 7 ms. Found 1 JPA repository interface.
2024-04-27T11:09:57.241-04:00 DEBUG 31184 --- [ms_atenciones_medicas] [           main] o.s.b.f.s.DefaultListableBeanFactory     : Creating shared instance of singleton bean 'org.springframework.boot.test.context.ImportsContextCustomizer$ImportsCleanupPostProcessor'
2024-04-27T11:09:57.243-04:00 DEBUG 31184 --- [ms_atenciones_medicas] [           main] o.s.b.f.s.DefaultListableBeanFactory     : Creating shared instance of singleton bean 'org.springframework.boot.test.mock.mockito.MockitoPostProcessor'
2024-04-27T11:09:57.243-04:00 DEBUG 31184 --- [ms_atenciones_medicas] [           main] o.s.b.f.s.DefaultListableBeanFactory     : Creating shared instance of singleton bean 'emBeanDefinitionRegistrarPostProcessor'
2024-04-27T11:09:57.243-04:00 DEBUG 31184 --- [ms_atenciones_medicas] [           main] o.s.b.f.s.DefaultListableBeanFactory     : Creating shared instance of singleton bean 'org.springframework.boot.sql.init.dependency.DatabaseInitializationDependencyConfigurer$DependsOnDatabaseInitializationPostProcessor'
2024-04-27T11:09:57.246-04:00 DEBUG 31184 --- [ms_atenciones_medicas] [           main] o.s.b.f.s.DefaultListableBeanFactory     : Creating shared instance of singleton bean 'org.springframework.context.event.internalEventListenerProcessor'
2024-04-27T11:09:57.246-04:00 DEBUG 31184 --- [ms_atenciones_medicas] [           main] o.s.b.f.s.DefaultListableBeanFactory     : Creating shared instance of singleton bean 'org.springframework.context.event.internalEventListenerFactory'
2024-04-27T11:09:57.246-04:00 DEBUG 31184 --- [ms_atenciones_medicas] [           main] o.s.b.f.s.DefaultListableBeanFactory     : Creating shared instance of singleton bean 'org.springframework.transaction.config.internalTransactionalEventListenerFactory'
2024-04-27T11:09:57.246-04:00 DEBUG 31184 --- [ms_atenciones_medicas] [           main] o.s.b.f.s.DefaultListableBeanFactory     : Creating shared instance of singleton bean 'org.springframework.context.annotation.internalAutowiredAnnotationProcessor'
2024-04-27T11:09:57.246-04:00 DEBUG 31184 --- [ms_atenciones_medicas] [           main] o.s.b.f.s.DefaultListableBeanFactory     : Creating shared instance of singleton bean 'org.springframework.context.annotation.internalCommonAnnotationProcessor'
2024-04-27T11:09:57.247-04:00 DEBUG 31184 --- [ms_atenciones_medicas] [           main] o.s.b.f.s.DefaultListableBeanFactory     : Creating shared instance of singleton bean 'org.springframework.context.annotation.internalPersistenceAnnotationProcessor'
2024-04-27T11:09:57.247-04:00 DEBUG 31184 --- [ms_atenciones_medicas] [           main] o.s.b.f.s.DefaultListableBeanFactory     : Creating shared instance of singleton bean 'org.springframework.boot.test.mock.mockito.MockitoPostProcessor$SpyPostProcessor'
2024-04-27T11:09:57.247-04:00 DEBUG 31184 --- [ms_atenciones_medicas] [           main] o.s.b.f.s.DefaultListableBeanFactory     : Creating shared instance of singleton bean 'jdbcConnectionDetailsHikariBeanPostProcessor'
2024-04-27T11:09:57.247-04:00 DEBUG 31184 --- [ms_atenciones_medicas] [           main] o.s.b.f.s.DefaultListableBeanFactory     : Creating shared instance of singleton bean 'org.springframework.boot.context.properties.ConfigurationPropertiesBindingPostProcessor'
2024-04-27T11:09:57.247-04:00 DEBUG 31184 --- [ms_atenciones_medicas] [           main] o.s.b.f.s.DefaultListableBeanFactory     : Creating shared instance of singleton bean 'org.springframework.boot.context.internalConfigurationPropertiesBinder'
2024-04-27T11:09:57.247-04:00 DEBUG 31184 --- [ms_atenciones_medicas] [           main] o.s.b.f.s.DefaultListableBeanFactory     : Creating shared instance of singleton bean 'org.springframework.aop.config.internalAutoProxyCreator'
2024-04-27T11:09:57.251-04:00 DEBUG 31184 --- [ms_atenciones_medicas] [           main] o.s.b.f.s.DefaultListableBeanFactory     : Creating shared instance of singleton bean 'dataSourceScriptDatabaseInitializer'
2024-04-27T11:09:57.251-04:00 DEBUG 31184 --- [ms_atenciones_medicas] [           main] o.s.b.f.s.DefaultListableBeanFactory     : Creating shared instance of singleton bean 'org.springframework.boot.autoconfigure.sql.init.DataSourceInitializationConfiguration'
2024-04-27T11:09:57.251-04:00 DEBUG 31184 --- [ms_atenciones_medicas] [           main] o.s.b.f.s.DefaultListableBeanFactory     : Creating shared instance of singleton bean 'org.springframework.transaction.config.internalTransactionAdvisor'
2024-04-27T11:09:57.251-04:00 DEBUG 31184 --- [ms_atenciones_medicas] [           main] o.s.b.f.s.DefaultListableBeanFactory     : Creating shared instance of singleton bean 'org.springframework.transaction.annotation.ProxyTransactionManagementConfiguration'
2024-04-27T11:09:57.254-04:00 DEBUG 31184 --- [ms_atenciones_medicas] [           main] o.s.b.f.s.DefaultListableBeanFactory     : Creating shared instance of singleton bean 'transactionAttributeSource'
2024-04-27T11:09:57.254-04:00 DEBUG 31184 --- [ms_atenciones_medicas] [           main] o.s.b.f.s.DefaultListableBeanFactory     : Creating shared instance of singleton bean 'transactionInterceptor'
2024-04-27T11:09:57.254-04:00 DEBUG 31184 --- [ms_atenciones_medicas] [           main] o.s.b.f.s.DefaultListableBeanFactory     : Autowiring by type from bean name 'transactionInterceptor' via factory method to bean named 'transactionAttributeSource'
2024-04-27T11:09:57.255-04:00 DEBUG 31184 --- [ms_atenciones_medicas] [           main] o.s.b.f.s.DefaultListableBeanFactory     : Autowiring by type from bean name 'org.springframework.transaction.config.internalTransactionAdvisor' via factory method to bean named 'transactionAttributeSource'
2024-04-27T11:09:57.255-04:00 DEBUG 31184 --- [ms_atenciones_medicas] [           main] o.s.b.f.s.DefaultListableBeanFactory     : Autowiring by type from bean name 'org.springframework.transaction.config.internalTransactionAdvisor' via factory method to bean named 'transactionInterceptor'
2024-04-27T11:09:57.255-04:00 DEBUG 31184 --- [ms_atenciones_medicas] [           main] o.s.b.f.s.DefaultListableBeanFactory     : Creating shared instance of singleton bean 'dataSource'
2024-04-27T11:09:57.255-04:00 DEBUG 31184 --- [ms_atenciones_medicas] [           main] o.s.b.f.s.DefaultListableBeanFactory     : Creating shared instance of singleton bean 'org.springframework.boot.autoconfigure.jdbc.DataSourceConfiguration$Hikari'
2024-04-27T11:09:57.255-04:00 DEBUG 31184 --- [ms_atenciones_medicas] [           main] o.s.b.f.s.DefaultListableBeanFactory     : Creating shared instance of singleton bean 'spring.datasource-org.springframework.boot.autoconfigure.jdbc.DataSourceProperties'
2024-04-27T11:09:57.256-04:00 DEBUG 31184 --- [ms_atenciones_medicas] [           main] o.s.b.f.s.DefaultListableBeanFactory     : Creating shared instance of singleton bean 'org.springframework.boot.context.properties.BoundConfigurationProperties'
2024-04-27T11:09:57.261-04:00 DEBUG 31184 --- [ms_atenciones_medicas] [           main] o.s.b.f.s.DefaultListableBeanFactory     : Creating shared instance of singleton bean 'jdbcConnectionDetails'
2024-04-27T11:09:57.261-04:00 DEBUG 31184 --- [ms_atenciones_medicas] [           main] o.s.b.f.s.DefaultListableBeanFactory     : Creating shared instance of singleton bean 'org.springframework.boot.autoconfigure.jdbc.DataSourceAutoConfiguration$PooledDataSourceConfiguration'
2024-04-27T11:09:57.261-04:00 DEBUG 31184 --- [ms_atenciones_medicas] [           main] o.s.b.f.s.DefaultListableBeanFactory     : Autowiring by type from bean name 'jdbcConnectionDetails' via factory method to bean named 'spring.datasource-org.springframework.boot.autoconfigure.jdbc.DataSourceProperties'
2024-04-27T11:09:57.261-04:00 DEBUG 31184 --- [ms_atenciones_medicas] [           main] o.s.b.f.s.DefaultListableBeanFactory     : Autowiring by type from bean name 'dataSource' via factory method to bean named 'spring.datasource-org.springframework.boot.autoconfigure.jdbc.DataSourceProperties'
2024-04-27T11:09:57.261-04:00 DEBUG 31184 --- [ms_atenciones_medicas] [           main] o.s.b.f.s.DefaultListableBeanFactory     : Autowiring by type from bean name 'dataSource' via factory method to bean named 'jdbcConnectionDetails'
2024-04-27T11:09:57.267-04:00 DEBUG 31184 --- [ms_atenciones_medicas] [           main] o.s.b.f.s.DefaultListableBeanFactory     : Creating shared instance of singleton bean 'spring.sql.init-org.springframework.boot.autoconfigure.sql.init.SqlInitializationProperties'
2024-04-27T11:09:57.268-04:00 DEBUG 31184 --- [ms_atenciones_medicas] [           main] o.s.b.f.s.DefaultListableBeanFactory     : Autowiring by type from bean name 'dataSourceScriptDatabaseInitializer' via factory method to bean named 'dataSource'
2024-04-27T11:09:57.268-04:00 DEBUG 31184 --- [ms_atenciones_medicas] [           main] o.s.b.f.s.DefaultListableBeanFactory     : Autowiring by type from bean name 'dataSourceScriptDatabaseInitializer' via factory method to bean named 'spring.sql.init-org.springframework.boot.autoconfigure.sql.init.SqlInitializationProperties'
2024-04-27T11:09:57.269-04:00 DEBUG 31184 --- [ms_atenciones_medicas] [           main] o.s.b.f.s.DefaultListableBeanFactory     : Creating shared instance of singleton bean 'entityManagerFactory'
2024-04-27T11:09:57.269-04:00 DEBUG 31184 --- [ms_atenciones_medicas] [           main] o.s.b.f.s.DefaultListableBeanFactory     : Creating shared instance of singleton bean 'org.springframework.boot.autoconfigure.orm.jpa.HibernateJpaConfiguration'
2024-04-27T11:09:57.269-04:00 DEBUG 31184 --- [ms_atenciones_medicas] [           main] o.s.b.f.s.DefaultListableBeanFactory     : Creating shared instance of singleton bean 'spring.jpa-org.springframework.boot.autoconfigure.orm.jpa.JpaProperties'
2024-04-27T11:09:57.271-04:00 DEBUG 31184 --- [ms_atenciones_medicas] [           main] o.s.b.f.s.DefaultListableBeanFactory     : Creating shared instance of singleton bean 'spring.jpa.hibernate-org.springframework.boot.autoconfigure.orm.jpa.HibernateProperties'
2024-04-27T11:09:57.272-04:00 DEBUG 31184 --- [ms_atenciones_medicas] [           main] o.s.b.f.s.DefaultListableBeanFactory     : Autowiring by type from bean name 'org.springframework.boot.autoconfigure.orm.jpa.HibernateJpaConfiguration' via constructor to bean named 'dataSource'
2024-04-27T11:09:57.272-04:00 DEBUG 31184 --- [ms_atenciones_medicas] [           main] o.s.b.f.s.DefaultListableBeanFactory     : Autowiring by type from bean name 'org.springframework.boot.autoconfigure.orm.jpa.HibernateJpaConfiguration' via constructor to bean named 'spring.jpa-org.springframework.boot.autoconfigure.orm.jpa.JpaProperties'
2024-04-27T11:09:57.272-04:00 DEBUG 31184 --- [ms_atenciones_medicas] [           main] o.s.b.f.s.DefaultListableBeanFactory     : Autowiring by type from bean name 'org.springframework.boot.autoconfigure.orm.jpa.HibernateJpaConfiguration' via constructor to bean named 'org.springframework.beans.factory.support.DefaultListableBeanFactory@32f53573'
2024-04-27T11:09:57.272-04:00 DEBUG 31184 --- [ms_atenciones_medicas] [           main] o.s.b.f.s.DefaultListableBeanFactory     : Autowiring by type from bean name 'org.springframework.boot.autoconfigure.orm.jpa.HibernateJpaConfiguration' via constructor to bean named 'spring.jpa.hibernate-org.springframework.boot.autoconfigure.orm.jpa.HibernateProperties'
2024-04-27T11:09:57.272-04:00 DEBUG 31184 --- [ms_atenciones_medicas] [           main] o.s.b.f.s.DefaultListableBeanFactory     : Creating shared instance of singleton bean 'hikariPoolDataSourceMetadataProvider'
2024-04-27T11:09:57.272-04:00 DEBUG 31184 --- [ms_atenciones_medicas] [           main] o.s.b.f.s.DefaultListableBeanFactory     : Creating shared instance of singleton bean 'org.springframework.boot.autoconfigure.jdbc.metadata.DataSourcePoolMetadataProvidersConfiguration$HikariPoolDataSourceMetadataProviderConfiguration'
2024-04-27T11:09:57.274-04:00 DEBUG 31184 --- [ms_atenciones_medicas] [           main] o.s.b.f.s.DefaultListableBeanFactory     : Creating shared instance of singleton bean 'entityManagerFactoryBuilder'
2024-04-27T11:09:57.274-04:00 DEBUG 31184 --- [ms_atenciones_medicas] [           main] o.s.b.f.s.DefaultListableBeanFactory     : Creating shared instance of singleton bean 'jpaVendorAdapter'
2024-04-27T11:09:57.274-04:00 DEBUG 31184 --- [ms_atenciones_medicas] [           main] o.s.b.f.s.DefaultListableBeanFactory     : Autowiring by type from bean name 'entityManagerFactoryBuilder' via factory method to bean named 'jpaVendorAdapter'
2024-04-27T11:09:57.276-04:00 DEBUG 31184 --- [ms_atenciones_medicas] [           main] o.s.b.f.s.DefaultListableBeanFactory     : Creating shared instance of singleton bean 'persistenceManagedTypes'
2024-04-27T11:09:57.276-04:00 DEBUG 31184 --- [ms_atenciones_medicas] [           main] o.s.b.f.s.DefaultListableBeanFactory     : Autowiring by type from bean name 'persistenceManagedTypes' via factory method to bean named 'org.springframework.beans.factory.support.DefaultListableBeanFactory@32f53573'
2024-04-27T11:09:57.276-04:00 DEBUG 31184 --- [ms_atenciones_medicas] [           main] o.s.b.f.s.DefaultListableBeanFactory     : Autowiring by type from bean name 'persistenceManagedTypes' via factory method to bean named 'org.springframework.context.annotation.AnnotationConfigApplicationContext@2202eee0'
2024-04-27T11:09:57.280-04:00 DEBUG 31184 --- [ms_atenciones_medicas] [           main] o.s.b.f.s.DefaultListableBeanFactory     : Autowiring by type from bean name 'entityManagerFactory' via factory method to bean named 'entityManagerFactoryBuilder'
2024-04-27T11:09:57.280-04:00 DEBUG 31184 --- [ms_atenciones_medicas] [           main] o.s.b.f.s.DefaultListableBeanFactory     : Autowiring by type from bean name 'entityManagerFactory' via factory method to bean named 'persistenceManagedTypes'
2024-04-27T11:09:57.280-04:00 DEBUG 31184 --- [ms_atenciones_medicas] [           main] j.LocalContainerEntityManagerFactoryBean : Building JPA container EntityManagerFactory for persistence unit 'default'
2024-04-27T11:09:57.280-04:00 DEBUG 31184 --- [ms_atenciones_medicas] [           main] o.hibernate.jpa.internal.util.LogHelper  : PersistenceUnitInfo [
	name: default
	persistence provider classname: null
	classloader: jdk.internal.loader.ClassLoaders$AppClassLoader@70dea4e
	excludeUnlistedClasses: true
	JTA datasource: null
	Non JTA datasource: HikariDataSource (null)
	Transaction type: RESOURCE_LOCAL
	PU root URL: file:/C:/Users/jaime/Mi%20unidad/ING-SOFTWARE/DESARROLLO%20FULLSTACK%20I_001A/code/ms_atenciones_medicas_v2/target/test-classes/
	Shared Cache Mode: UNSPECIFIED
	Validation Mode: AUTO
	Jar files URLs []
	Managed classes names [
		com.jzs.ms_atenciones_medicas.model.AtencionMedica
		com.jzs.ms_atenciones_medicas.model.HistorialMedico
		com.jzs.ms_atenciones_medicas.model.Paciente]
	Mapping files names []
	Properties []
2024-04-27T11:09:57.280-04:00 DEBUG 31184 --- [ms_atenciones_medicas] [           main] o.h.i.internal.IntegratorServiceImpl     : Adding Integrator [org.hibernate.boot.beanvalidation.BeanValidationIntegrator].
2024-04-27T11:09:57.280-04:00 DEBUG 31184 --- [ms_atenciones_medicas] [           main] o.h.i.internal.IntegratorServiceImpl     : Adding Integrator [org.hibernate.cache.internal.CollectionCacheInvalidator].
2024-04-27T11:09:57.283-04:00 DEBUG 31184 --- [ms_atenciones_medicas] [           main] org.hibernate.orm.idgen.factory          : Registering IdentifierGenerator strategy [uuid2] -> [org.hibernate.id.UUIDGenerator]
2024-04-27T11:09:57.283-04:00 DEBUG 31184 --- [ms_atenciones_medicas] [           main] org.hibernate.orm.idgen.factory          : Registering IdentifierGenerator strategy [guid] -> [org.hibernate.id.GUIDGenerator]
2024-04-27T11:09:57.283-04:00 DEBUG 31184 --- [ms_atenciones_medicas] [           main] org.hibernate.orm.idgen.factory          : Registering IdentifierGenerator strategy [uuid] -> [org.hibernate.id.UUIDHexGenerator]
2024-04-27T11:09:57.283-04:00 DEBUG 31184 --- [ms_atenciones_medicas] [           main] org.hibernate.orm.idgen.factory          : Registering IdentifierGenerator strategy [uuid.hex] -> [org.hibernate.id.UUIDHexGenerator]
2024-04-27T11:09:57.283-04:00 DEBUG 31184 --- [ms_atenciones_medicas] [           main] org.hibernate.orm.idgen.factory          : Registering IdentifierGenerator strategy [assigned] -> [org.hibernate.id.Assigned]
2024-04-27T11:09:57.283-04:00 DEBUG 31184 --- [ms_atenciones_medicas] [           main] org.hibernate.orm.idgen.factory          : Registering IdentifierGenerator strategy [identity] -> [org.hibernate.id.IdentityGenerator]
2024-04-27T11:09:57.283-04:00 DEBUG 31184 --- [ms_atenciones_medicas] [           main] org.hibernate.orm.idgen.factory          : Registering IdentifierGenerator strategy [select] -> [org.hibernate.id.SelectGenerator]
2024-04-27T11:09:57.283-04:00 DEBUG 31184 --- [ms_atenciones_medicas] [           main] org.hibernate.orm.idgen.factory          : Registering IdentifierGenerator strategy [sequence] -> [org.hibernate.id.enhanced.SequenceStyleGenerator]
2024-04-27T11:09:57.283-04:00 DEBUG 31184 --- [ms_atenciones_medicas] [           main] org.hibernate.orm.idgen.factory          : Registering IdentifierGenerator strategy [increment] -> [org.hibernate.id.IncrementGenerator]
2024-04-27T11:09:57.283-04:00 DEBUG 31184 --- [ms_atenciones_medicas] [           main] org.hibernate.orm.idgen.factory          : Registering IdentifierGenerator strategy [foreign] -> [org.hibernate.id.ForeignGenerator]
2024-04-27T11:09:57.283-04:00 DEBUG 31184 --- [ms_atenciones_medicas] [           main] org.hibernate.orm.idgen.factory          : Registering IdentifierGenerator strategy [enhanced-sequence] -> [org.hibernate.id.enhanced.SequenceStyleGenerator]
2024-04-27T11:09:57.283-04:00 DEBUG 31184 --- [ms_atenciones_medicas] [           main] org.hibernate.orm.idgen.factory          : Registering IdentifierGenerator strategy [enhanced-table] -> [org.hibernate.id.enhanced.TableGenerator]
2024-04-27T11:09:57.283-04:00 DEBUG 31184 --- [ms_atenciones_medicas] [           main] o.h.c.internal.RegionFactoryInitiator    : Cannot default RegionFactory based on registered strategies as `[]` RegionFactory strategies were registered
2024-04-27T11:09:57.283-04:00  INFO 31184 --- [ms_atenciones_medicas] [           main] o.h.c.internal.RegionFactoryInitiator    : HHH000026: Second-level cache disabled
2024-04-27T11:09:57.283-04:00 DEBUG 31184 --- [ms_atenciones_medicas] [           main] org.hibernate.type.BasicTypeRegistry     : Adding type registration boolean -> org.hibernate.type.BasicTypeReference@145ef9e8
2024-04-27T11:09:57.283-04:00 DEBUG 31184 --- [ms_atenciones_medicas] [           main] org.hibernate.type.BasicTypeRegistry     : Adding type registration boolean -> org.hibernate.type.BasicTypeReference@145ef9e8
2024-04-27T11:09:57.283-04:00 DEBUG 31184 --- [ms_atenciones_medicas] [           main] org.hibernate.type.BasicTypeRegistry     : Adding type registration java.lang.Boolean -> org.hibernate.type.BasicTypeReference@145ef9e8
2024-04-27T11:09:57.283-04:00 DEBUG 31184 --- [ms_atenciones_medicas] [           main] org.hibernate.type.BasicTypeRegistry     : Adding type registration numeric_boolean -> org.hibernate.type.BasicTypeReference@2e667e95
2024-04-27T11:09:57.283-04:00 DEBUG 31184 --- [ms_atenciones_medicas] [           main] org.hibernate.type.BasicTypeRegistry     : Adding type registration org.hibernate.type.NumericBooleanConverter -> org.hibernate.type.BasicTypeReference@2e667e95
2024-04-27T11:09:57.283-04:00 DEBUG 31184 --- [ms_atenciones_medicas] [           main] org.hibernate.type.BasicTypeRegistry     : Adding type registration true_false -> org.hibernate.type.BasicTypeReference@514b247b
2024-04-27T11:09:57.283-04:00 DEBUG 31184 --- [ms_atenciones_medicas] [           main] org.hibernate.type.BasicTypeRegistry     : Adding type registration org.hibernate.type.TrueFalseConverter -> org.hibernate.type.BasicTypeReference@514b247b
2024-04-27T11:09:57.283-04:00 DEBUG 31184 --- [ms_atenciones_medicas] [           main] org.hibernate.type.BasicTypeRegistry     : Adding type registration yes_no -> org.hibernate.type.BasicTypeReference@66b62ebd
2024-04-27T11:09:57.283-04:00 DEBUG 31184 --- [ms_atenciones_medicas] [           main] org.hibernate.type.BasicTypeRegistry     : Adding type registration org.hibernate.type.YesNoConverter -> org.hibernate.type.BasicTypeReference@66b62ebd
2024-04-27T11:09:57.283-04:00 DEBUG 31184 --- [ms_atenciones_medicas] [           main] org.hibernate.type.BasicTypeRegistry     : Adding type registration byte -> org.hibernate.type.BasicTypeReference@5440a3a
2024-04-27T11:09:57.283-04:00 DEBUG 31184 --- [ms_atenciones_medicas] [           main] org.hibernate.type.BasicTypeRegistry     : Adding type registration byte -> org.hibernate.type.BasicTypeReference@5440a3a
2024-04-27T11:09:57.283-04:00 DEBUG 31184 --- [ms_atenciones_medicas] [           main] org.hibernate.type.BasicTypeRegistry     : Adding type registration java.lang.Byte -> org.hibernate.type.BasicTypeReference@5440a3a
2024-04-27T11:09:57.283-04:00 DEBUG 31184 --- [ms_atenciones_medicas] [           main] org.hibernate.type.BasicTypeRegistry     : Adding type registration binary -> org.hibernate.type.BasicTypeReference@18cb4ed1
2024-04-27T11:09:57.283-04:00 DEBUG 31184 --- [ms_atenciones_medicas] [           main] org.hibernate.type.BasicTypeRegistry     : Adding type registration byte[] -> org.hibernate.type.BasicTypeReference@18cb4ed1
2024-04-27T11:09:57.283-04:00 DEBUG 31184 --- [ms_atenciones_medicas] [           main] org.hibernate.type.BasicTypeRegistry     : Adding type registration [B -> org.hibernate.type.BasicTypeReference@18cb4ed1
2024-04-27T11:09:57.283-04:00 DEBUG 31184 --- [ms_atenciones_medicas] [           main] org.hibernate.type.BasicTypeRegistry     : Adding type registration binary_wrapper -> org.hibernate.type.BasicTypeReference@10abd94f
2024-04-27T11:09:57.283-04:00 DEBUG 31184 --- [ms_atenciones_medicas] [           main] org.hibernate.type.BasicTypeRegistry     : Adding type registration wrapper-binary -> org.hibernate.type.BasicTypeReference@10abd94f
2024-04-27T11:09:57.283-04:00 DEBUG 31184 --- [ms_atenciones_medicas] [           main] org.hibernate.type.BasicTypeRegistry     : Adding type registration image -> org.hibernate.type.BasicTypeReference@47bfde21
2024-04-27T11:09:57.284-04:00 DEBUG 31184 --- [ms_atenciones_medicas] [           main] org.hibernate.type.BasicTypeRegistry     : Adding type registration blob -> org.hibernate.type.BasicTypeReference@628f0936
2024-04-27T11:09:57.284-04:00 DEBUG 31184 --- [ms_atenciones_medicas] [           main] org.hibernate.type.BasicTypeRegistry     : Adding type registration java.sql.Blob -> org.hibernate.type.BasicTypeReference@628f0936
2024-04-27T11:09:57.284-04:00 DEBUG 31184 --- [ms_atenciones_medicas] [           main] org.hibernate.type.BasicTypeRegistry     : Adding type registration materialized_blob -> org.hibernate.type.BasicTypeReference@20706e70
2024-04-27T11:09:57.284-04:00 DEBUG 31184 --- [ms_atenciones_medicas] [           main] org.hibernate.type.BasicTypeRegistry     : Adding type registration materialized_blob_wrapper -> org.hibernate.type.BasicTypeReference@6e5fba90
2024-04-27T11:09:57.284-04:00 DEBUG 31184 --- [ms_atenciones_medicas] [           main] org.hibernate.type.BasicTypeRegistry     : Adding type registration short -> org.hibernate.type.BasicTypeReference@57283fac
2024-04-27T11:09:57.284-04:00 DEBUG 31184 --- [ms_atenciones_medicas] [           main] org.hibernate.type.BasicTypeRegistry     : Adding type registration short -> org.hibernate.type.BasicTypeReference@57283fac
2024-04-27T11:09:57.284-04:00 DEBUG 31184 --- [ms_atenciones_medicas] [           main] org.hibernate.type.BasicTypeRegistry     : Adding type registration java.lang.Short -> org.hibernate.type.BasicTypeReference@57283fac
2024-04-27T11:09:57.284-04:00 DEBUG 31184 --- [ms_atenciones_medicas] [           main] org.hibernate.type.BasicTypeRegistry     : Adding type registration integer -> org.hibernate.type.BasicTypeReference@4d745ac6
2024-04-27T11:09:57.284-04:00 DEBUG 31184 --- [ms_atenciones_medicas] [           main] org.hibernate.type.BasicTypeRegistry     : Adding type registration int -> org.hibernate.type.BasicTypeReference@4d745ac6
2024-04-27T11:09:57.284-04:00 DEBUG 31184 --- [ms_atenciones_medicas] [           main] org.hibernate.type.BasicTypeRegistry     : Adding type registration java.lang.Integer -> org.hibernate.type.BasicTypeReference@4d745ac6
2024-04-27T11:09:57.284-04:00 DEBUG 31184 --- [ms_atenciones_medicas] [           main] org.hibernate.type.BasicTypeRegistry     : Adding type registration long -> org.hibernate.type.BasicTypeReference@6e54bef6
2024-04-27T11:09:57.284-04:00 DEBUG 31184 --- [ms_atenciones_medicas] [           main] org.hibernate.type.BasicTypeRegistry     : Adding type registration long -> org.hibernate.type.BasicTypeReference@6e54bef6
2024-04-27T11:09:57.284-04:00 DEBUG 31184 --- [ms_atenciones_medicas] [           main] org.hibernate.type.BasicTypeRegistry     : Adding type registration java.lang.Long -> org.hibernate.type.BasicTypeReference@6e54bef6
2024-04-27T11:09:57.284-04:00 DEBUG 31184 --- [ms_atenciones_medicas] [           main] org.hibernate.type.BasicTypeRegistry     : Adding type registration float -> org.hibernate.type.BasicTypeReference@7dcc0296
2024-04-27T11:09:57.284-04:00 DEBUG 31184 --- [ms_atenciones_medicas] [           main] org.hibernate.type.BasicTypeRegistry     : Adding type registration float -> org.hibernate.type.BasicTypeReference@7dcc0296
2024-04-27T11:09:57.284-04:00 DEBUG 31184 --- [ms_atenciones_medicas] [           main] org.hibernate.type.BasicTypeRegistry     : Adding type registration java.lang.Float -> org.hibernate.type.BasicTypeReference@7dcc0296
2024-04-27T11:09:57.284-04:00 DEBUG 31184 --- [ms_atenciones_medicas] [           main] org.hibernate.type.BasicTypeRegistry     : Adding type registration double -> org.hibernate.type.BasicTypeReference@6b8f87dc
2024-04-27T11:09:57.284-04:00 DEBUG 31184 --- [ms_atenciones_medicas] [           main] org.hibernate.type.BasicTypeRegistry     : Adding type registration double -> org.hibernate.type.BasicTypeReference@6b8f87dc
2024-04-27T11:09:57.284-04:00 DEBUG 31184 --- [ms_atenciones_medicas] [           main] org.hibernate.type.BasicTypeRegistry     : Adding type registration java.lang.Double -> org.hibernate.type.BasicTypeReference@6b8f87dc
2024-04-27T11:09:57.284-04:00 DEBUG 31184 --- [ms_atenciones_medicas] [           main] org.hibernate.type.BasicTypeRegistry     : Adding type registration big_integer -> org.hibernate.type.BasicTypeReference@4c25201
2024-04-27T11:09:57.284-04:00 DEBUG 31184 --- [ms_atenciones_medicas] [           main] org.hibernate.type.BasicTypeRegistry     : Adding type registration java.math.BigInteger -> org.hibernate.type.BasicTypeReference@4c25201
2024-04-27T11:09:57.284-04:00 DEBUG 31184 --- [ms_atenciones_medicas] [           main] org.hibernate.type.BasicTypeRegistry     : Adding type registration big_decimal -> org.hibernate.type.BasicTypeReference@4faaff61
2024-04-27T11:09:57.284-04:00 DEBUG 31184 --- [ms_atenciones_medicas] [           main] org.hibernate.type.BasicTypeRegistry     : Adding type registration java.math.BigDecimal -> org.hibernate.type.BasicTypeReference@4faaff61
2024-04-27T11:09:57.284-04:00 DEBUG 31184 --- [ms_atenciones_medicas] [           main] org.hibernate.type.BasicTypeRegistry     : Adding type registration character -> org.hibernate.type.BasicTypeReference@526f8cb0
2024-04-27T11:09:57.284-04:00 DEBUG 31184 --- [ms_atenciones_medicas] [           main] org.hibernate.type.BasicTypeRegistry     : Adding type registration char -> org.hibernate.type.BasicTypeReference@526f8cb0
2024-04-27T11:09:57.284-04:00 DEBUG 31184 --- [ms_atenciones_medicas] [           main] org.hibernate.type.BasicTypeRegistry     : Adding type registration java.lang.Character -> org.hibernate.type.BasicTypeReference@526f8cb0
2024-04-27T11:09:57.284-04:00 DEBUG 31184 --- [ms_atenciones_medicas] [           main] org.hibernate.type.BasicTypeRegistry     : Adding type registration character_nchar -> org.hibernate.type.BasicTypeReference@45494046
2024-04-27T11:09:57.284-04:00 DEBUG 31184 --- [ms_atenciones_medicas] [           main] org.hibernate.type.BasicTypeRegistry     : Adding type registration string -> org.hibernate.type.BasicTypeReference@530d40b4
2024-04-27T11:09:57.284-04:00 DEBUG 31184 --- [ms_atenciones_medicas] [           main] org.hibernate.type.BasicTypeRegistry     : Adding type registration java.lang.String -> org.hibernate.type.BasicTypeReference@530d40b4
2024-04-27T11:09:57.284-04:00 DEBUG 31184 --- [ms_atenciones_medicas] [           main] org.hibernate.type.BasicTypeRegistry     : Adding type registration nstring -> org.hibernate.type.BasicTypeReference@4bc4ec43
2024-04-27T11:09:57.284-04:00 DEBUG 31184 --- [ms_atenciones_medicas] [           main] org.hibernate.type.BasicTypeRegistry     : Adding type registration characters -> org.hibernate.type.BasicTypeReference@6560f387
2024-04-27T11:09:57.284-04:00 DEBUG 31184 --- [ms_atenciones_medicas] [           main] org.hibernate.type.BasicTypeRegistry     : Adding type registration char[] -> org.hibernate.type.BasicTypeReference@6560f387
2024-04-27T11:09:57.284-04:00 DEBUG 31184 --- [ms_atenciones_medicas] [           main] org.hibernate.type.BasicTypeRegistry     : Adding type registration [C -> org.hibernate.type.BasicTypeReference@6560f387
2024-04-27T11:09:57.284-04:00 DEBUG 31184 --- [ms_atenciones_medicas] [           main] org.hibernate.type.BasicTypeRegistry     : Adding type registration wrapper-characters -> org.hibernate.type.BasicTypeReference@6a24c41d
2024-04-27T11:09:57.284-04:00 DEBUG 31184 --- [ms_atenciones_medicas] [           main] org.hibernate.type.BasicTypeRegistry     : Adding type registration text -> org.hibernate.type.BasicTypeReference@5315210d
2024-04-27T11:09:57.284-04:00 DEBUG 31184 --- [ms_atenciones_medicas] [           main] org.hibernate.type.BasicTypeRegistry     : Adding type registration ntext -> org.hibernate.type.BasicTypeReference@3f5f79d8
2024-04-27T11:09:57.284-04:00 DEBUG 31184 --- [ms_atenciones_medicas] [           main] org.hibernate.type.BasicTypeRegistry     : Adding type registration clob -> org.hibernate.type.BasicTypeReference@5dc1597f
2024-04-27T11:09:57.284-04:00 DEBUG 31184 --- [ms_atenciones_medicas] [           main] org.hibernate.type.BasicTypeRegistry     : Adding type registration java.sql.Clob -> org.hibernate.type.BasicTypeReference@5dc1597f
2024-04-27T11:09:57.284-04:00 DEBUG 31184 --- [ms_atenciones_medicas] [           main] org.hibernate.type.BasicTypeRegistry     : Adding type registration nclob -> org.hibernate.type.BasicTypeReference@11896af6
2024-04-27T11:09:57.284-04:00 DEBUG 31184 --- [ms_atenciones_medicas] [           main] org.hibernate.type.BasicTypeRegistry     : Adding type registration java.sql.NClob -> org.hibernate.type.BasicTypeReference@11896af6
2024-04-27T11:09:57.284-04:00 DEBUG 31184 --- [ms_atenciones_medicas] [           main] org.hibernate.type.BasicTypeRegistry     : Adding type registration materialized_clob -> org.hibernate.type.BasicTypeReference@6b6e2c83
2024-04-27T11:09:57.284-04:00 DEBUG 31184 --- [ms_atenciones_medicas] [           main] org.hibernate.type.BasicTypeRegistry     : Adding type registration materialized_clob_char_array -> org.hibernate.type.BasicTypeReference@2fbb098f
2024-04-27T11:09:57.284-04:00 DEBUG 31184 --- [ms_atenciones_medicas] [           main] org.hibernate.type.BasicTypeRegistry     : Adding type registration materialized_clob_character_array -> org.hibernate.type.BasicTypeReference@7866a7a6
2024-04-27T11:09:57.284-04:00 DEBUG 31184 --- [ms_atenciones_medicas] [           main] org.hibernate.type.BasicTypeRegistry     : Adding type registration materialized_nclob -> org.hibernate.type.BasicTypeReference@2262bc86
2024-04-27T11:09:57.284-04:00 DEBUG 31184 --- [ms_atenciones_medicas] [           main] org.hibernate.type.BasicTypeRegistry     : Adding type registration materialized_nclob_character_array -> org.hibernate.type.BasicTypeReference@3872867d
2024-04-27T11:09:57.284-04:00 DEBUG 31184 --- [ms_atenciones_medicas] [           main] org.hibernate.type.BasicTypeRegistry     : Adding type registration materialized_nclob_char_array -> org.hibernate.type.BasicTypeReference@4f72078d
2024-04-27T11:09:57.284-04:00 DEBUG 31184 --- [ms_atenciones_medicas] [           main] org.hibernate.type.BasicTypeRegistry     : Adding type registration Duration -> org.hibernate.type.BasicTypeReference@2e4d252
2024-04-27T11:09:57.284-04:00 DEBUG 31184 --- [ms_atenciones_medicas] [           main] org.hibernate.type.BasicTypeRegistry     : Adding type registration java.time.Duration -> org.hibernate.type.BasicTypeReference@2e4d252
2024-04-27T11:09:57.284-04:00 DEBUG 31184 --- [ms_atenciones_medicas] [           main] org.hibernate.type.BasicTypeRegistry     : Adding type registration LocalDateTime -> org.hibernate.type.BasicTypeReference@3555d804
2024-04-27T11:09:57.284-04:00 DEBUG 31184 --- [ms_atenciones_medicas] [           main] org.hibernate.type.BasicTypeRegistry     : Adding type registration java.time.LocalDateTime -> org.hibernate.type.BasicTypeReference@3555d804
2024-04-27T11:09:57.284-04:00 DEBUG 31184 --- [ms_atenciones_medicas] [           main] org.hibernate.type.BasicTypeRegistry     : Adding type registration LocalDate -> org.hibernate.type.BasicTypeReference@19b8f1bd
2024-04-27T11:09:57.284-04:00 DEBUG 31184 --- [ms_atenciones_medicas] [           main] org.hibernate.type.BasicTypeRegistry     : Adding type registration java.time.LocalDate -> org.hibernate.type.BasicTypeReference@19b8f1bd
2024-04-27T11:09:57.284-04:00 DEBUG 31184 --- [ms_atenciones_medicas] [           main] org.hibernate.type.BasicTypeRegistry     : Adding type registration LocalTime -> org.hibernate.type.BasicTypeReference@46a9c368
2024-04-27T11:09:57.284-04:00 DEBUG 31184 --- [ms_atenciones_medicas] [           main] org.hibernate.type.BasicTypeRegistry     : Adding type registration java.time.LocalTime -> org.hibernate.type.BasicTypeReference@46a9c368
2024-04-27T11:09:57.284-04:00 DEBUG 31184 --- [ms_atenciones_medicas] [           main] org.hibernate.type.BasicTypeRegistry     : Adding type registration OffsetDateTime -> org.hibernate.type.BasicTypeReference@62fbefad
2024-04-27T11:09:57.284-04:00 DEBUG 31184 --- [ms_atenciones_medicas] [           main] org.hibernate.type.BasicTypeRegistry     : Adding type registration java.time.OffsetDateTime -> org.hibernate.type.BasicTypeReference@62fbefad
2024-04-27T11:09:57.284-04:00 DEBUG 31184 --- [ms_atenciones_medicas] [           main] org.hibernate.type.BasicTypeRegistry     : Adding type registration OffsetDateTimeWithTimezone -> org.hibernate.type.BasicTypeReference@79f59e0e
2024-04-27T11:09:57.284-04:00 DEBUG 31184 --- [ms_atenciones_medicas] [           main] org.hibernate.type.BasicTypeRegistry     : Adding type registration OffsetDateTimeWithoutTimezone -> org.hibernate.type.BasicTypeReference@279ebd94
2024-04-27T11:09:57.284-04:00 DEBUG 31184 --- [ms_atenciones_medicas] [           main] org.hibernate.type.BasicTypeRegistry     : Adding type registration OffsetTime -> org.hibernate.type.BasicTypeReference@2fa4888c
2024-04-27T11:09:57.284-04:00 DEBUG 31184 --- [ms_atenciones_medicas] [           main] org.hibernate.type.BasicTypeRegistry     : Adding type registration java.time.OffsetTime -> org.hibernate.type.BasicTypeReference@2fa4888c
2024-04-27T11:09:57.284-04:00 DEBUG 31184 --- [ms_atenciones_medicas] [           main] org.hibernate.type.BasicTypeRegistry     : Adding type registration OffsetTimeUtc -> org.hibernate.type.BasicTypeReference@121f9c52
2024-04-27T11:09:57.284-04:00 DEBUG 31184 --- [ms_atenciones_medicas] [           main] org.hibernate.type.BasicTypeRegistry     : Adding type registration OffsetTimeWithTimezone -> org.hibernate.type.BasicTypeReference@47cf65f1
2024-04-27T11:09:57.284-04:00 DEBUG 31184 --- [ms_atenciones_medicas] [           main] org.hibernate.type.BasicTypeRegistry     : Adding type registration OffsetTimeWithoutTimezone -> org.hibernate.type.BasicTypeReference@1e041848
2024-04-27T11:09:57.284-04:00 DEBUG 31184 --- [ms_atenciones_medicas] [           main] org.hibernate.type.BasicTypeRegistry     : Adding type registration ZonedDateTime -> org.hibernate.type.BasicTypeReference@7097ead6
2024-04-27T11:09:57.284-04:00 DEBUG 31184 --- [ms_atenciones_medicas] [           main] org.hibernate.type.BasicTypeRegistry     : Adding type registration java.time.ZonedDateTime -> org.hibernate.type.BasicTypeReference@7097ead6
2024-04-27T11:09:57.284-04:00 DEBUG 31184 --- [ms_atenciones_medicas] [           main] org.hibernate.type.BasicTypeRegistry     : Adding type registration ZonedDateTimeWithTimezone -> org.hibernate.type.BasicTypeReference@4c4be9d8
2024-04-27T11:09:57.284-04:00 DEBUG 31184 --- [ms_atenciones_medicas] [           main] org.hibernate.type.BasicTypeRegistry     : Adding type registration ZonedDateTimeWithoutTimezone -> org.hibernate.type.BasicTypeReference@21dd91da
2024-04-27T11:09:57.284-04:00 DEBUG 31184 --- [ms_atenciones_medicas] [           main] org.hibernate.type.BasicTypeRegistry     : Adding type registration date -> org.hibernate.type.BasicTypeReference@1f251bf1
2024-04-27T11:09:57.284-04:00 DEBUG 31184 --- [ms_atenciones_medicas] [           main] org.hibernate.type.BasicTypeRegistry     : Adding type registration java.sql.Date -> org.hibernate.type.BasicTypeReference@1f251bf1
2024-04-27T11:09:57.284-04:00 DEBUG 31184 --- [ms_atenciones_medicas] [           main] org.hibernate.type.BasicTypeRegistry     : Adding type registration time -> org.hibernate.type.BasicTypeReference@502b9399
2024-04-27T11:09:57.284-04:00 DEBUG 31184 --- [ms_atenciones_medicas] [           main] org.hibernate.type.BasicTypeRegistry     : Adding type registration java.sql.Time -> org.hibernate.type.BasicTypeReference@502b9399
2024-04-27T11:09:57.284-04:00 DEBUG 31184 --- [ms_atenciones_medicas] [           main] org.hibernate.type.BasicTypeRegistry     : Adding type registration timestamp -> org.hibernate.type.BasicTypeReference@433db56d
2024-04-27T11:09:57.284-04:00 DEBUG 31184 --- [ms_atenciones_medicas] [           main] org.hibernate.type.BasicTypeRegistry     : Adding type registration java.sql.Timestamp -> org.hibernate.type.BasicTypeReference@433db56d
2024-04-27T11:09:57.284-04:00 DEBUG 31184 --- [ms_atenciones_medicas] [           main] org.hibernate.type.BasicTypeRegistry     : Adding type registration java.util.Date -> org.hibernate.type.BasicTypeReference@433db56d
2024-04-27T11:09:57.284-04:00 DEBUG 31184 --- [ms_atenciones_medicas] [           main] org.hibernate.type.BasicTypeRegistry     : Adding type registration calendar -> org.hibernate.type.BasicTypeReference@e23af91
2024-04-27T11:09:57.284-04:00 DEBUG 31184 --- [ms_atenciones_medicas] [           main] org.hibernate.type.BasicTypeRegistry     : Adding type registration java.util.Calendar -> org.hibernate.type.BasicTypeReference@e23af91
2024-04-27T11:09:57.284-04:00 DEBUG 31184 --- [ms_atenciones_medicas] [           main] org.hibernate.type.BasicTypeRegistry     : Adding type registration java.util.GregorianCalendar -> org.hibernate.type.BasicTypeReference@e23af91
2024-04-27T11:09:57.284-04:00 DEBUG 31184 --- [ms_atenciones_medicas] [           main] org.hibernate.type.BasicTypeRegistry     : Adding type registration calendar_date -> org.hibernate.type.BasicTypeReference@396ec737
2024-04-27T11:09:57.284-04:00 DEBUG 31184 --- [ms_atenciones_medicas] [           main] org.hibernate.type.BasicTypeRegistry     : Adding type registration calendar_time -> org.hibernate.type.BasicTypeReference@35d53cd8
2024-04-27T11:09:57.284-04:00 DEBUG 31184 --- [ms_atenciones_medicas] [           main] org.hibernate.type.BasicTypeRegistry     : Adding type registration instant -> org.hibernate.type.BasicTypeReference@1bed61d2
2024-04-27T11:09:57.284-04:00 DEBUG 31184 --- [ms_atenciones_medicas] [           main] org.hibernate.type.BasicTypeRegistry     : Adding type registration java.time.Instant -> org.hibernate.type.BasicTypeReference@1bed61d2
2024-04-27T11:09:57.284-04:00 DEBUG 31184 --- [ms_atenciones_medicas] [           main] org.hibernate.type.BasicTypeRegistry     : Adding type registration uuid -> org.hibernate.type.BasicTypeReference@8a11a19
2024-04-27T11:09:57.284-04:00 DEBUG 31184 --- [ms_atenciones_medicas] [           main] org.hibernate.type.BasicTypeRegistry     : Adding type registration java.util.UUID -> org.hibernate.type.BasicTypeReference@8a11a19
2024-04-27T11:09:57.285-04:00 DEBUG 31184 --- [ms_atenciones_medicas] [           main] org.hibernate.type.BasicTypeRegistry     : Adding type registration pg-uuid -> org.hibernate.type.BasicTypeReference@8a11a19
2024-04-27T11:09:57.285-04:00 DEBUG 31184 --- [ms_atenciones_medicas] [           main] org.hibernate.type.BasicTypeRegistry     : Adding type registration uuid-binary -> org.hibernate.type.BasicTypeReference@47393345
2024-04-27T11:09:57.285-04:00 DEBUG 31184 --- [ms_atenciones_medicas] [           main] org.hibernate.type.BasicTypeRegistry     : Adding type registration uuid-char -> org.hibernate.type.BasicTypeReference@5b16e486
2024-04-27T11:09:57.285-04:00 DEBUG 31184 --- [ms_atenciones_medicas] [           main] org.hibernate.type.BasicTypeRegistry     : Adding type registration class -> org.hibernate.type.BasicTypeReference@2b85edc7
2024-04-27T11:09:57.285-04:00 DEBUG 31184 --- [ms_atenciones_medicas] [           main] org.hibernate.type.BasicTypeRegistry     : Adding type registration java.lang.Class -> org.hibernate.type.BasicTypeReference@2b85edc7
2024-04-27T11:09:57.285-04:00 DEBUG 31184 --- [ms_atenciones_medicas] [           main] org.hibernate.type.BasicTypeRegistry     : Adding type registration currency -> org.hibernate.type.BasicTypeReference@2bf45b7c
2024-04-27T11:09:57.285-04:00 DEBUG 31184 --- [ms_atenciones_medicas] [           main] org.hibernate.type.BasicTypeRegistry     : Adding type registration Currency -> org.hibernate.type.BasicTypeReference@2bf45b7c
2024-04-27T11:09:57.285-04:00 DEBUG 31184 --- [ms_atenciones_medicas] [           main] org.hibernate.type.BasicTypeRegistry     : Adding type registration java.util.Currency -> org.hibernate.type.BasicTypeReference@2bf45b7c
2024-04-27T11:09:57.285-04:00 DEBUG 31184 --- [ms_atenciones_medicas] [           main] org.hibernate.type.BasicTypeRegistry     : Adding type registration locale -> org.hibernate.type.BasicTypeReference@2559f65c
2024-04-27T11:09:57.285-04:00 DEBUG 31184 --- [ms_atenciones_medicas] [           main] org.hibernate.type.BasicTypeRegistry     : Adding type registration java.util.Locale -> org.hibernate.type.BasicTypeReference@2559f65c
2024-04-27T11:09:57.285-04:00 DEBUG 31184 --- [ms_atenciones_medicas] [           main] org.hibernate.type.BasicTypeRegistry     : Adding type registration serializable -> org.hibernate.type.BasicTypeReference@490704a5
2024-04-27T11:09:57.285-04:00 DEBUG 31184 --- [ms_atenciones_medicas] [           main] org.hibernate.type.BasicTypeRegistry     : Adding type registration java.io.Serializable -> org.hibernate.type.BasicTypeReference@490704a5
2024-04-27T11:09:57.285-04:00 DEBUG 31184 --- [ms_atenciones_medicas] [           main] org.hibernate.type.BasicTypeRegistry     : Adding type registration timezone -> org.hibernate.type.BasicTypeReference@4d682397
2024-04-27T11:09:57.285-04:00 DEBUG 31184 --- [ms_atenciones_medicas] [           main] org.hibernate.type.BasicTypeRegistry     : Adding type registration java.util.TimeZone -> org.hibernate.type.BasicTypeReference@4d682397
2024-04-27T11:09:57.285-04:00 DEBUG 31184 --- [ms_atenciones_medicas] [           main] org.hibernate.type.BasicTypeRegistry     : Adding type registration ZoneOffset -> org.hibernate.type.BasicTypeReference@444ebefd
2024-04-27T11:09:57.285-04:00 DEBUG 31184 --- [ms_atenciones_medicas] [           main] org.hibernate.type.BasicTypeRegistry     : Adding type registration java.time.ZoneOffset -> org.hibernate.type.BasicTypeReference@444ebefd
2024-04-27T11:09:57.285-04:00 DEBUG 31184 --- [ms_atenciones_medicas] [           main] org.hibernate.type.BasicTypeRegistry     : Adding type registration url -> org.hibernate.type.BasicTypeReference@2ecf4b3e
2024-04-27T11:09:57.285-04:00 DEBUG 31184 --- [ms_atenciones_medicas] [           main] org.hibernate.type.BasicTypeRegistry     : Adding type registration java.net.URL -> org.hibernate.type.BasicTypeReference@2ecf4b3e
2024-04-27T11:09:57.285-04:00 DEBUG 31184 --- [ms_atenciones_medicas] [           main] org.hibernate.type.BasicTypeRegistry     : Adding type registration vector -> org.hibernate.type.BasicTypeReference@5f1c406e
2024-04-27T11:09:57.285-04:00 DEBUG 31184 --- [ms_atenciones_medicas] [           main] org.hibernate.type.BasicTypeRegistry     : Adding type registration row_version -> org.hibernate.type.BasicTypeReference@5364b481
2024-04-27T11:09:57.285-04:00 DEBUG 31184 --- [ms_atenciones_medicas] [           main] org.hibernate.type.BasicTypeRegistry     : Adding type registration object -> org.hibernate.type.JavaObjectType@460df441
2024-04-27T11:09:57.285-04:00 DEBUG 31184 --- [ms_atenciones_medicas] [           main] org.hibernate.type.BasicTypeRegistry     : Adding type registration java.lang.Object -> org.hibernate.type.JavaObjectType@460df441
2024-04-27T11:09:57.285-04:00 DEBUG 31184 --- [ms_atenciones_medicas] [           main] org.hibernate.type.BasicTypeRegistry     : Adding type registration null -> org.hibernate.type.NullType@45b2b0ed
2024-04-27T11:09:57.285-04:00 DEBUG 31184 --- [ms_atenciones_medicas] [           main] org.hibernate.type.BasicTypeRegistry     : Adding type registration imm_date -> org.hibernate.type.BasicTypeReference@3a6e8bc0
2024-04-27T11:09:57.285-04:00 DEBUG 31184 --- [ms_atenciones_medicas] [           main] org.hibernate.type.BasicTypeRegistry     : Adding type registration imm_time -> org.hibernate.type.BasicTypeReference@5aa943c5
2024-04-27T11:09:57.285-04:00 DEBUG 31184 --- [ms_atenciones_medicas] [           main] org.hibernate.type.BasicTypeRegistry     : Adding type registration imm_timestamp -> org.hibernate.type.BasicTypeReference@a1c87e6
2024-04-27T11:09:57.285-04:00 DEBUG 31184 --- [ms_atenciones_medicas] [           main] org.hibernate.type.BasicTypeRegistry     : Adding type registration imm_calendar -> org.hibernate.type.BasicTypeReference@10a8bfac
2024-04-27T11:09:57.285-04:00 DEBUG 31184 --- [ms_atenciones_medicas] [           main] org.hibernate.type.BasicTypeRegistry     : Adding type registration imm_calendar_date -> org.hibernate.type.BasicTypeReference@5e5616f2
2024-04-27T11:09:57.285-04:00 DEBUG 31184 --- [ms_atenciones_medicas] [           main] org.hibernate.type.BasicTypeRegistry     : Adding type registration imm_calendar_time -> org.hibernate.type.BasicTypeReference@4e71c196
2024-04-27T11:09:57.285-04:00 DEBUG 31184 --- [ms_atenciones_medicas] [           main] org.hibernate.type.BasicTypeRegistry     : Adding type registration imm_binary -> org.hibernate.type.BasicTypeReference@20bc4c09
2024-04-27T11:09:57.285-04:00 DEBUG 31184 --- [ms_atenciones_medicas] [           main] org.hibernate.type.BasicTypeRegistry     : Adding type registration imm_serializable -> org.hibernate.type.BasicTypeReference@753cc26d
2024-04-27T11:09:57.286-04:00 DEBUG 31184 --- [ms_atenciones_medicas] [           main] o.h.boot.internal.BootstrapContextImpl   : Injecting JPA temp ClassLoader [org.springframework.instrument.classloading.SimpleThrowawayClassLoader@5b0eb43f] into BootstrapContext; was [null]
2024-04-27T11:09:57.286-04:00 DEBUG 31184 --- [ms_atenciones_medicas] [           main] o.h.boot.internal.ClassLoaderAccessImpl  : ClassLoaderAccessImpl#injectTempClassLoader(org.springframework.instrument.classloading.SimpleThrowawayClassLoader@5b0eb43f) [was null]
2024-04-27T11:09:57.286-04:00 DEBUG 31184 --- [ms_atenciones_medicas] [           main] o.h.boot.internal.BootstrapContextImpl   : Injecting ScanEnvironment [org.hibernate.jpa.boot.internal.StandardJpaScanEnvironmentImpl@19106753] into BootstrapContext; was [null]
2024-04-27T11:09:57.286-04:00 DEBUG 31184 --- [ms_atenciones_medicas] [           main] o.h.boot.internal.BootstrapContextImpl   : Injecting ScanOptions [org.hibernate.boot.archive.scan.internal.StandardScanOptions@a2cf1b6] into BootstrapContext; was [org.hibernate.boot.archive.scan.internal.StandardScanOptions@c444506]
2024-04-27T11:09:57.288-04:00  INFO 31184 --- [ms_atenciones_medicas] [           main] o.s.o.j.p.SpringPersistenceUnitInfo      : No LoadTimeWeaver setup: ignoring JPA class transformer
2024-04-27T11:09:57.288-04:00 DEBUG 31184 --- [ms_atenciones_medicas] [           main] o.h.boot.internal.BootstrapContextImpl   : Injecting JPA temp ClassLoader [null] into BootstrapContext; was [org.springframework.instrument.classloading.SimpleThrowawayClassLoader@5b0eb43f]
2024-04-27T11:09:57.288-04:00 DEBUG 31184 --- [ms_atenciones_medicas] [           main] o.h.boot.internal.ClassLoaderAccessImpl  : ClassLoaderAccessImpl#injectTempClassLoader(null) [was org.springframework.instrument.classloading.SimpleThrowawayClassLoader@5b0eb43f]
2024-04-27T11:09:57.289-04:00  INFO 31184 --- [ms_atenciones_medicas] [           main] com.zaxxer.hikari.HikariDataSource       : HikariPool-2 - Starting...
2024-04-27T11:09:57.289-04:00  WARN 31184 --- [ms_atenciones_medicas] [           main] c.zaxxer.hikari.util.DriverDataSource    : Registered driver with driverClassName=oracle.jdbc.driver.OracleDriver was not found, trying direct instantiation.
2024-04-27T11:09:57.760-04:00  INFO 31184 --- [ms_atenciones_medicas] [           main] com.zaxxer.hikari.pool.HikariPool        : HikariPool-2 - Added connection oracle.jdbc.driver.T4CConnection@58d8059b
2024-04-27T11:09:57.760-04:00  INFO 31184 --- [ms_atenciones_medicas] [           main] com.zaxxer.hikari.HikariDataSource       : HikariPool-2 - Start completed.
2024-04-27T11:09:57.760-04:00 DEBUG 31184 --- [ms_atenciones_medicas] [           main] o.h.e.j.e.i.JdbcEnvironmentInitiator     : Database ->
       name : Oracle
    version : Oracle Database 19c Enterprise Edition Release 19.0.0.0.0 - Production
Version 19.23.0.1.0
      major : 19
      minor : 0
2024-04-27T11:09:57.760-04:00 DEBUG 31184 --- [ms_atenciones_medicas] [           main] o.h.e.j.e.i.JdbcEnvironmentInitiator     : Driver ->
       name : Oracle JDBC driver
    version : 21.9.0.0.0
      major : 21
      minor : 9
2024-04-27T11:09:57.760-04:00 DEBUG 31184 --- [ms_atenciones_medicas] [           main] o.h.e.j.e.i.JdbcEnvironmentInitiator     : JDBC version : 4.3
2024-04-27T11:09:57.788-04:00  WARN 31184 --- [ms_atenciones_medicas] [           main] org.hibernate.orm.deprecation            : HHH90000025: OracleDialect does not need to be specified explicitly using 'hibernate.dialect' (remove the property setting and it will be selected by default)
2024-04-27T11:09:57.788-04:00 DEBUG 31184 --- [ms_atenciones_medicas] [           main] org.hibernate.orm.dialect                : HHH035001: Using dialect: org.hibernate.dialect.OracleDialect, version: 19.0
2024-04-27T11:09:57.864-04:00 DEBUG 31184 --- [ms_atenciones_medicas] [           main] o.h.t.d.jdbc.spi.JdbcTypeRegistry        : addDescriptor(NCharTypeDescriptor) replaced previous registration(CharTypeDescriptor)
2024-04-27T11:09:57.864-04:00 DEBUG 31184 --- [ms_atenciones_medicas] [           main] o.h.t.d.jdbc.spi.JdbcTypeRegistry        : addDescriptor(NVarcharTypeDescriptor) replaced previous registration(VarcharTypeDescriptor)
2024-04-27T11:09:57.864-04:00 DEBUG 31184 --- [ms_atenciones_medicas] [           main] o.h.t.d.jdbc.spi.JdbcTypeRegistry        : addDescriptor(LongNVarcharTypeDescriptor) replaced previous registration(LongVarcharTypeDescriptor)
2024-04-27T11:09:57.864-04:00 DEBUG 31184 --- [ms_atenciones_medicas] [           main] o.h.t.d.jdbc.spi.JdbcTypeRegistry        : addDescriptor(NClobTypeDescriptor(DEFAULT)) replaced previous registration(ClobTypeDescriptor(DEFAULT))
2024-04-27T11:09:57.864-04:00 DEBUG 31184 --- [ms_atenciones_medicas] [           main] o.h.t.d.jdbc.spi.JdbcTypeRegistry        : addDescriptor(2005, ClobTypeDescriptor(STREAM_BINDING)) replaced previous registration(ClobTypeDescriptor(DEFAULT))
2024-04-27T11:09:57.864-04:00 DEBUG 31184 --- [ms_atenciones_medicas] [           main] o.h.t.d.jdbc.spi.JdbcTypeRegistry        : addDescriptor(BooleanTypeDescriptor) replaced previous registration(BooleanTypeDescriptor)
2024-04-27T11:09:57.864-04:00 DEBUG 31184 --- [ms_atenciones_medicas] [           main] org.hibernate.type.BasicTypeRegistry     : Adding type registration null -> org.hibernate.type.NullType@402cdf60
2024-04-27T11:09:57.864-04:00 DEBUG 31184 --- [ms_atenciones_medicas] [           main] org.hibernate.type.BasicTypeRegistry     : Type registration key [null] overrode previous entry : `org.hibernate.type.NullType@45b2b0ed`
2024-04-27T11:09:57.864-04:00 DEBUG 31184 --- [ms_atenciones_medicas] [           main] org.hibernate.type.BasicTypeRegistry     : Adding type registration JAVA_OBJECT -> org.hibernate.type.JavaObjectType@42a4b97
2024-04-27T11:09:57.864-04:00 DEBUG 31184 --- [ms_atenciones_medicas] [           main] org.hibernate.type.BasicTypeRegistry     : Adding type registration java.lang.Object -> org.hibernate.type.JavaObjectType@42a4b97
2024-04-27T11:09:57.864-04:00 DEBUG 31184 --- [ms_atenciones_medicas] [           main] org.hibernate.type.BasicTypeRegistry     : Type registration key [java.lang.Object] overrode previous entry : `org.hibernate.type.JavaObjectType@460df441`
2024-04-27T11:09:57.864-04:00 DEBUG 31184 --- [ms_atenciones_medicas] [           main] org.hibernate.type.BasicTypeRegistry     : Adding type registration org.hibernate.type.DurationType -> basicType@22(java.time.Duration,3015)
2024-04-27T11:09:57.864-04:00 DEBUG 31184 --- [ms_atenciones_medicas] [           main] org.hibernate.type.BasicTypeRegistry     : Adding type registration Duration -> basicType@22(java.time.Duration,3015)
2024-04-27T11:09:57.864-04:00 DEBUG 31184 --- [ms_atenciones_medicas] [           main] org.hibernate.type.BasicTypeRegistry     : Adding type registration java.time.Duration -> basicType@22(java.time.Duration,3015)
2024-04-27T11:09:57.864-04:00 DEBUG 31184 --- [ms_atenciones_medicas] [           main] o.h.type.spi.TypeConfiguration$Scope     : Scoping TypeConfiguration [org.hibernate.type.spi.TypeConfiguration@79d15b02] to MetadataBuildingContext [org.hibernate.boot.internal.MetadataBuildingContextRootImpl@62edb254]
2024-04-27T11:09:57.865-04:00 DEBUG 31184 --- [ms_atenciones_medicas] [           main] o.h.boot.model.relational.Namespace      : Created database namespace [logicalName=Name{catalog=null, schema=null}, physicalName=Name{catalog=null, schema=null}]
2024-04-27T11:09:57.865-04:00 DEBUG 31184 --- [ms_atenciones_medicas] [           main] o.h.boot.model.internal.EntityBinder     : Binding entity from annotated class: com.jzs.ms_atenciones_medicas.model.AtencionMedica
2024-04-27T11:09:57.865-04:00 DEBUG 31184 --- [ms_atenciones_medicas] [           main] o.h.boot.model.internal.EntityBinder     : Import with entity name AtencionMedica
2024-04-27T11:09:57.865-04:00 DEBUG 31184 --- [ms_atenciones_medicas] [           main] o.h.boot.model.internal.EntityBinder     : Bind entity com.jzs.ms_atenciones_medicas.model.AtencionMedica on table at_atenciones_medicas
2024-04-27T11:09:57.865-04:00 DEBUG 31184 --- [ms_atenciones_medicas] [           main] o.h.boot.model.internal.AnnotatedColumn  : Binding column: AnnotatedDiscriminatorColumn(column='DTYPE')
2024-04-27T11:09:57.866-04:00 DEBUG 31184 --- [ms_atenciones_medicas] [           main] o.h.boot.model.internal.AnnotatedColumn  : Binding column: AnnotatedColumn(column='id')
2024-04-27T11:09:57.866-04:00 DEBUG 31184 --- [ms_atenciones_medicas] [           main] o.h.boot.internal.ClassLoaderAccessImpl  : Not known whether passed class name [com.jzs.ms_atenciones_medicas.model.AtencionMedica] is safe
2024-04-27T11:09:57.866-04:00 DEBUG 31184 --- [ms_atenciones_medicas] [           main] o.h.boot.internal.ClassLoaderAccessImpl  : No temp ClassLoader provided; using live ClassLoader for loading potentially unsafe class : com.jzs.ms_atenciones_medicas.model.AtencionMedica
2024-04-27T11:09:57.866-04:00 DEBUG 31184 --- [ms_atenciones_medicas] [           main] o.h.boot.model.internal.PropertyBinder   : MetadataSourceProcessor property id with lazy=false
2024-04-27T11:09:57.866-04:00 DEBUG 31184 --- [ms_atenciones_medicas] [           main] o.h.b.m.internal.AbstractPropertyHolder  : Attempting to locate auto-apply AttributeConverter for property [com.jzs.ms_atenciones_medicas.model.AtencionMedica:id]
2024-04-27T11:09:57.866-04:00 DEBUG 31184 --- [ms_atenciones_medicas] [           main] o.h.b.model.internal.BasicValueBinder    : building BasicValue for id
2024-04-27T11:09:57.866-04:00 DEBUG 31184 --- [ms_atenciones_medicas] [           main] org.hibernate.mapping.BasicValue         : Skipping column re-registration: at_atenciones_medicas.id
2024-04-27T11:09:57.866-04:00 DEBUG 31184 --- [ms_atenciones_medicas] [           main] o.h.boot.model.internal.PropertyBinder   : Building property id
2024-04-27T11:09:57.866-04:00 DEBUG 31184 --- [ms_atenciones_medicas] [           main] o.h.boot.model.internal.BinderHelper     : #makeIdGenerator(BasicValue([Column(id)]), id, identity, , ...)
2024-04-27T11:09:57.867-04:00 DEBUG 31184 --- [ms_atenciones_medicas] [           main] o.h.boot.model.internal.AnnotatedColumn  : Binding column: AnnotatedColumn(column='centro_salud')
2024-04-27T11:09:57.867-04:00 DEBUG 31184 --- [ms_atenciones_medicas] [           main] o.h.boot.model.internal.PropertyBinder   : MetadataSourceProcessor property centroSalud with lazy=false
2024-04-27T11:09:57.867-04:00 DEBUG 31184 --- [ms_atenciones_medicas] [           main] o.h.b.m.internal.AbstractPropertyHolder  : Attempting to locate auto-apply AttributeConverter for property [com.jzs.ms_atenciones_medicas.model.AtencionMedica:centroSalud]
2024-04-27T11:09:57.867-04:00 DEBUG 31184 --- [ms_atenciones_medicas] [           main] o.h.b.model.internal.BasicValueBinder    : building BasicValue for centroSalud
2024-04-27T11:09:57.867-04:00 DEBUG 31184 --- [ms_atenciones_medicas] [           main] org.hibernate.mapping.BasicValue         : Skipping column re-registration: at_atenciones_medicas.centro_salud
2024-04-27T11:09:57.867-04:00 DEBUG 31184 --- [ms_atenciones_medicas] [           main] o.h.boot.model.internal.PropertyBinder   : Building property centroSalud
2024-04-27T11:09:57.867-04:00 DEBUG 31184 --- [ms_atenciones_medicas] [           main] o.h.boot.model.internal.AnnotatedColumn  : Binding column: AnnotatedColumn(column='detalle_atencion')
2024-04-27T11:09:57.867-04:00 DEBUG 31184 --- [ms_atenciones_medicas] [           main] o.h.boot.model.internal.PropertyBinder   : MetadataSourceProcessor property detalleAtencion with lazy=false
2024-04-27T11:09:57.867-04:00 DEBUG 31184 --- [ms_atenciones_medicas] [           main] o.h.b.m.internal.AbstractPropertyHolder  : Attempting to locate auto-apply AttributeConverter for property [com.jzs.ms_atenciones_medicas.model.AtencionMedica:detalleAtencion]
2024-04-27T11:09:57.867-04:00 DEBUG 31184 --- [ms_atenciones_medicas] [           main] o.h.b.model.internal.BasicValueBinder    : building BasicValue for detalleAtencion
2024-04-27T11:09:57.867-04:00 DEBUG 31184 --- [ms_atenciones_medicas] [           main] org.hibernate.mapping.BasicValue         : Skipping column re-registration: at_atenciones_medicas.detalle_atencion
2024-04-27T11:09:57.867-04:00 DEBUG 31184 --- [ms_atenciones_medicas] [           main] o.h.boot.model.internal.PropertyBinder   : Building property detalleAtencion
2024-04-27T11:09:57.867-04:00 DEBUG 31184 --- [ms_atenciones_medicas] [           main] o.h.boot.model.internal.AnnotatedColumn  : Binding column: AnnotatedColumn(column='fecha')
2024-04-27T11:09:57.867-04:00 DEBUG 31184 --- [ms_atenciones_medicas] [           main] o.h.boot.model.internal.PropertyBinder   : MetadataSourceProcessor property fecha with lazy=false
2024-04-27T11:09:57.867-04:00 DEBUG 31184 --- [ms_atenciones_medicas] [           main] o.h.b.m.internal.AbstractPropertyHolder  : Attempting to locate auto-apply AttributeConverter for property [com.jzs.ms_atenciones_medicas.model.AtencionMedica:fecha]
2024-04-27T11:09:57.867-04:00 DEBUG 31184 --- [ms_atenciones_medicas] [           main] o.h.b.model.internal.BasicValueBinder    : building BasicValue for fecha
2024-04-27T11:09:57.867-04:00 DEBUG 31184 --- [ms_atenciones_medicas] [           main] org.hibernate.mapping.BasicValue         : Skipping column re-registration: at_atenciones_medicas.fecha
2024-04-27T11:09:57.867-04:00 DEBUG 31184 --- [ms_atenciones_medicas] [           main] o.h.boot.model.internal.PropertyBinder   : Building property fecha
2024-04-27T11:09:57.867-04:00 DEBUG 31184 --- [ms_atenciones_medicas] [           main] o.h.boot.model.internal.AnnotatedColumn  : Binding column: AnnotatedJoinColumn(column='paciente_rut')
2024-04-27T11:09:57.867-04:00 DEBUG 31184 --- [ms_atenciones_medicas] [           main] o.h.boot.model.internal.AnnotatedColumn  : Binding column: AnnotatedColumn()
2024-04-27T11:09:57.868-04:00 DEBUG 31184 --- [ms_atenciones_medicas] [           main] o.h.boot.model.internal.PropertyBinder   : Building property paciente
2024-04-27T11:09:57.868-04:00 DEBUG 31184 --- [ms_atenciones_medicas] [           main] o.h.b.r.c.i.ClassLoaderServiceImpl       : HHH000194: Package not found or wo package-info.java: com.jzs.ms_atenciones_medicas.model
2024-04-27T11:09:57.868-04:00 DEBUG 31184 --- [ms_atenciones_medicas] [           main] o.h.boot.model.internal.EntityBinder     : Binding entity from annotated class: com.jzs.ms_atenciones_medicas.model.HistorialMedico
2024-04-27T11:09:57.868-04:00 DEBUG 31184 --- [ms_atenciones_medicas] [           main] o.h.boot.model.internal.EntityBinder     : Import with entity name HistorialMedico
2024-04-27T11:09:57.868-04:00 DEBUG 31184 --- [ms_atenciones_medicas] [           main] o.h.boot.model.internal.EntityBinder     : Bind entity com.jzs.ms_atenciones_medicas.model.HistorialMedico on table at_historial_medico
2024-04-27T11:09:57.869-04:00 DEBUG 31184 --- [ms_atenciones_medicas] [           main] o.h.boot.model.internal.AnnotatedColumn  : Binding column: AnnotatedDiscriminatorColumn(column='DTYPE')
2024-04-27T11:09:57.869-04:00 DEBUG 31184 --- [ms_atenciones_medicas] [           main] o.h.boot.model.internal.AnnotatedColumn  : Binding column: AnnotatedColumn(column='id_historial')
2024-04-27T11:09:57.869-04:00 DEBUG 31184 --- [ms_atenciones_medicas] [           main] o.h.boot.internal.ClassLoaderAccessImpl  : Not known whether passed class name [com.jzs.ms_atenciones_medicas.model.HistorialMedico] is safe
2024-04-27T11:09:57.869-04:00 DEBUG 31184 --- [ms_atenciones_medicas] [           main] o.h.boot.internal.ClassLoaderAccessImpl  : No temp ClassLoader provided; using live ClassLoader for loading potentially unsafe class : com.jzs.ms_atenciones_medicas.model.HistorialMedico
2024-04-27T11:09:57.869-04:00 DEBUG 31184 --- [ms_atenciones_medicas] [           main] o.h.boot.model.internal.PropertyBinder   : MetadataSourceProcessor property idHistorial with lazy=false
2024-04-27T11:09:57.869-04:00 DEBUG 31184 --- [ms_atenciones_medicas] [           main] o.h.b.m.internal.AbstractPropertyHolder  : Attempting to locate auto-apply AttributeConverter for property [com.jzs.ms_atenciones_medicas.model.HistorialMedico:idHistorial]
2024-04-27T11:09:57.869-04:00 DEBUG 31184 --- [ms_atenciones_medicas] [           main] o.h.b.model.internal.BasicValueBinder    : building BasicValue for idHistorial
2024-04-27T11:09:57.869-04:00 DEBUG 31184 --- [ms_atenciones_medicas] [           main] org.hibernate.mapping.BasicValue         : Skipping column re-registration: at_historial_medico.id_historial
2024-04-27T11:09:57.869-04:00 DEBUG 31184 --- [ms_atenciones_medicas] [           main] o.h.boot.model.internal.PropertyBinder   : Building property idHistorial
2024-04-27T11:09:57.869-04:00 DEBUG 31184 --- [ms_atenciones_medicas] [           main] o.h.boot.model.internal.BinderHelper     : #makeIdGenerator(BasicValue([Column(id_historial)]), idHistorial, identity, , ...)
2024-04-27T11:09:57.870-04:00 DEBUG 31184 --- [ms_atenciones_medicas] [           main] o.h.boot.model.internal.AnnotatedColumn  : Binding column: AnnotatedColumn(column='detalle_historial')
2024-04-27T11:09:57.870-04:00 DEBUG 31184 --- [ms_atenciones_medicas] [           main] o.h.boot.model.internal.PropertyBinder   : MetadataSourceProcessor property detalleHistorial with lazy=false
2024-04-27T11:09:57.870-04:00 DEBUG 31184 --- [ms_atenciones_medicas] [           main] o.h.b.m.internal.AbstractPropertyHolder  : Attempting to locate auto-apply AttributeConverter for property [com.jzs.ms_atenciones_medicas.model.HistorialMedico:detalleHistorial]
2024-04-27T11:09:57.870-04:00 DEBUG 31184 --- [ms_atenciones_medicas] [           main] o.h.b.model.internal.BasicValueBinder    : building BasicValue for detalleHistorial
2024-04-27T11:09:57.870-04:00 DEBUG 31184 --- [ms_atenciones_medicas] [           main] org.hibernate.mapping.BasicValue         : Skipping column re-registration: at_historial_medico.detalle_historial
2024-04-27T11:09:57.870-04:00 DEBUG 31184 --- [ms_atenciones_medicas] [           main] o.h.boot.model.internal.PropertyBinder   : Building property detalleHistorial
2024-04-27T11:09:57.870-04:00 DEBUG 31184 --- [ms_atenciones_medicas] [           main] o.h.boot.model.internal.AnnotatedColumn  : Binding column: AnnotatedColumn(column='fecha_ingreso_historial')
2024-04-27T11:09:57.870-04:00 DEBUG 31184 --- [ms_atenciones_medicas] [           main] o.h.boot.model.internal.PropertyBinder   : MetadataSourceProcessor property fechaIngresoHistorial with lazy=false
2024-04-27T11:09:57.870-04:00 DEBUG 31184 --- [ms_atenciones_medicas] [           main] o.h.b.m.internal.AbstractPropertyHolder  : Attempting to locate auto-apply AttributeConverter for property [com.jzs.ms_atenciones_medicas.model.HistorialMedico:fechaIngresoHistorial]
2024-04-27T11:09:57.870-04:00 DEBUG 31184 --- [ms_atenciones_medicas] [           main] o.h.b.model.internal.BasicValueBinder    : building BasicValue for fechaIngresoHistorial
2024-04-27T11:09:57.870-04:00 DEBUG 31184 --- [ms_atenciones_medicas] [           main] org.hibernate.mapping.BasicValue         : Skipping column re-registration: at_historial_medico.fecha_ingreso_historial
2024-04-27T11:09:57.870-04:00 DEBUG 31184 --- [ms_atenciones_medicas] [           main] o.h.boot.model.internal.PropertyBinder   : Building property fechaIngresoHistorial
2024-04-27T11:09:57.870-04:00 DEBUG 31184 --- [ms_atenciones_medicas] [           main] o.h.boot.model.internal.AnnotatedColumn  : Binding column: AnnotatedJoinColumn(column='paciente_rut')
2024-04-27T11:09:57.870-04:00 DEBUG 31184 --- [ms_atenciones_medicas] [           main] o.h.boot.model.internal.AnnotatedColumn  : Binding column: AnnotatedColumn()
2024-04-27T11:09:57.870-04:00 DEBUG 31184 --- [ms_atenciones_medicas] [           main] o.h.boot.model.internal.PropertyBinder   : Building property paciente
2024-04-27T11:09:57.871-04:00 DEBUG 31184 --- [ms_atenciones_medicas] [           main] o.h.b.r.c.i.ClassLoaderServiceImpl       : HHH000194: Package not found or wo package-info.java: com.jzs.ms_atenciones_medicas.model
2024-04-27T11:09:57.871-04:00 DEBUG 31184 --- [ms_atenciones_medicas] [           main] o.h.boot.model.internal.EntityBinder     : Binding entity from annotated class: com.jzs.ms_atenciones_medicas.model.Paciente
2024-04-27T11:09:57.871-04:00 DEBUG 31184 --- [ms_atenciones_medicas] [           main] o.h.boot.model.internal.EntityBinder     : Import with entity name Paciente
2024-04-27T11:09:57.871-04:00 DEBUG 31184 --- [ms_atenciones_medicas] [           main] o.h.boot.model.internal.EntityBinder     : Bind entity com.jzs.ms_atenciones_medicas.model.Paciente on table at_pacientes
2024-04-27T11:09:57.871-04:00 DEBUG 31184 --- [ms_atenciones_medicas] [           main] o.h.boot.model.internal.AnnotatedColumn  : Binding column: AnnotatedDiscriminatorColumn(column='DTYPE')
2024-04-27T11:09:57.872-04:00 DEBUG 31184 --- [ms_atenciones_medicas] [           main] o.h.boot.model.internal.AnnotatedColumn  : Binding column: AnnotatedColumn(column='rut')
2024-04-27T11:09:57.873-04:00 DEBUG 31184 --- [ms_atenciones_medicas] [           main] o.h.boot.internal.ClassLoaderAccessImpl  : Not known whether passed class name [com.jzs.ms_atenciones_medicas.model.Paciente] is safe
2024-04-27T11:09:57.873-04:00 DEBUG 31184 --- [ms_atenciones_medicas] [           main] o.h.boot.internal.ClassLoaderAccessImpl  : No temp ClassLoader provided; using live ClassLoader for loading potentially unsafe class : com.jzs.ms_atenciones_medicas.model.Paciente
2024-04-27T11:09:57.873-04:00 DEBUG 31184 --- [ms_atenciones_medicas] [           main] o.h.boot.model.internal.PropertyBinder   : MetadataSourceProcessor property rut with lazy=false
2024-04-27T11:09:57.873-04:00 DEBUG 31184 --- [ms_atenciones_medicas] [           main] o.h.b.m.internal.AbstractPropertyHolder  : Attempting to locate auto-apply AttributeConverter for property [com.jzs.ms_atenciones_medicas.model.Paciente:rut]
2024-04-27T11:09:57.873-04:00 DEBUG 31184 --- [ms_atenciones_medicas] [           main] o.h.b.model.internal.BasicValueBinder    : building BasicValue for rut
2024-04-27T11:09:57.873-04:00 DEBUG 31184 --- [ms_atenciones_medicas] [           main] org.hibernate.mapping.BasicValue         : Skipping column re-registration: at_pacientes.rut
2024-04-27T11:09:57.873-04:00 DEBUG 31184 --- [ms_atenciones_medicas] [           main] o.h.boot.model.internal.PropertyBinder   : Building property rut
2024-04-27T11:09:57.873-04:00 DEBUG 31184 --- [ms_atenciones_medicas] [           main] o.h.boot.model.internal.BinderHelper     : #makeIdGenerator(BasicValue([Column(rut)]), rut, assigned, , ...)
2024-04-27T11:09:57.873-04:00 DEBUG 31184 --- [ms_atenciones_medicas] [           main] o.h.boot.model.internal.AnnotatedColumn  : Binding column: AnnotatedJoinColumn()
[...]
2024-04-27T11:09:58.323-04:00 DEBUG 31184 --- [ms_atenciones_medicas] [           main] org.hibernate.orm.results.graph.AST      : DomainResult Graph:
 \-EntityResultImpl [com.jzs.ms_atenciones_medicas.model.Paciente(p)]
 |  +-DelayedCollectionFetch [com.jzs.ms_atenciones_medicas.model.Paciente(p).atencionesMedicas]
 |  +-BasicFetch [com.jzs.ms_atenciones_medicas.model.Paciente(p).direccion]
 |  +-BasicFetch [com.jzs.ms_atenciones_medicas.model.Paciente(p).fechaNacimiento]
 |  +-DelayedCollectionFetch [com.jzs.ms_atenciones_medicas.model.Paciente(p).historialMedico]
 |  \-BasicFetch [com.jzs.ms_atenciones_medicas.model.Paciente(p).nombre]

2024-04-27T11:09:58.323-04:00 DEBUG 31184 --- [ms_atenciones_medicas] [           main] org.hibernate.orm.sql.ast.tree           : SQL AST Tree:
    SelectStatement {
      FromClause {
        StandardTableGroup (p1 : com.jzs.ms_atenciones_medicas.model.Paciente(p)) {
          primaryTableReference : at_pacientes as p1_0
        }
      }
    }

2024-04-27T11:09:58.326-04:00 DEBUG 31184 --- [ms_atenciones_medicas] [           main] o.h.e.i.AbstractFlushingEventListener    : Processing flush-time cascades
2024-04-27T11:09:58.327-04:00 DEBUG 31184 --- [ms_atenciones_medicas] [           main] o.h.e.i.AbstractFlushingEventListener    : Dirty checking collections
2024-04-27T11:09:58.330-04:00 DEBUG 31184 --- [ms_atenciones_medicas] [           main] o.hibernate.engine.internal.Collections  : Collection found: [com.jzs.ms_atenciones_medicas.model.Paciente.historialMedico#12345678-9], was: [<unreferenced>] (initialized)
2024-04-27T11:09:58.333-04:00 DEBUG 31184 --- [ms_atenciones_medicas] [           main] o.h.e.i.AbstractFlushingEventListener    : Flushed: 0 insertions, 0 updates, 0 deletions to 3 objects
2024-04-27T11:09:58.333-04:00 DEBUG 31184 --- [ms_atenciones_medicas] [           main] o.h.e.i.AbstractFlushingEventListener    : Flushed: 1 (re)creations, 0 updates, 0 removals to 1 collections
2024-04-27T11:09:58.334-04:00 DEBUG 31184 --- [ms_atenciones_medicas] [           main] o.hibernate.internal.util.EntityPrinter  : Listing entities:
2024-04-27T11:09:58.334-04:00 DEBUG 31184 --- [ms_atenciones_medicas] [           main] o.hibernate.internal.util.EntityPrinter  : com.jzs.ms_atenciones_medicas.model.AtencionMedica{fecha=2024-04-27T11:09:58.227907400, centroSalud=Centro de prueba, paciente=com.jzs.ms_atenciones_medicas.model.Paciente#12345678-9, detalleAtencion=Detalle de prueba, id=67}
2024-04-27T11:09:58.334-04:00 DEBUG 31184 --- [ms_atenciones_medicas] [           main] o.hibernate.internal.util.EntityPrinter  : com.jzs.ms_atenciones_medicas.model.HistorialMedico{fechaIngresoHistorial=2024-04-27T11:09:58.051606400, paciente=com.jzs.ms_atenciones_medicas.model.Paciente#12345678-9, detalleHistorial=Detalle del historial, idHistorial=47}
2024-04-27T11:09:58.334-04:00 DEBUG 31184 --- [ms_atenciones_medicas] [           main] o.hibernate.internal.util.EntityPrinter  : com.jzs.ms_atenciones_medicas.model.Paciente{rut=12345678-9, historialMedico=[com.jzs.ms_atenciones_medicas.model.HistorialMedico#47], fechaNacimiento=1990-01-01, direccion=Calle Principal 123, nombre=Juan, atencionesMedicas=null}
2024-04-27T11:09:58.341-04:00 DEBUG 31184 --- [ms_atenciones_medicas] [           main] org.hibernate.orm.sql.exec               : Skipping reading Query result cache data: cache-enabled = false, cache-mode = NORMAL
2024-04-27T11:09:58.352-04:00 DEBUG 31184 --- [ms_atenciones_medicas] [           main] org.hibernate.orm.results                : Initializer list:
	  com.jzs.ms_atenciones_medicas.model.Paciente(p) -> EntityResultInitializer(com.jzs.ms_atenciones_medicas.model.Paciente(p))@704432829 (SingleTableEntityPersister(com.jzs.ms_atenciones_medicas.model.Paciente))
	  com.jzs.ms_atenciones_medicas.model.Paciente(p).atencionesMedicas -> DelayedCollectionInitializer(com.jzs.ms_atenciones_medicas.model.Paciente(p).atencionesMedicas)@763204263 (PluralAttribute(com.jzs.ms_atenciones_medicas.model.Paciente.atencionesMedicas))
	  com.jzs.ms_atenciones_medicas.model.Paciente(p).historialMedico -> DelayedCollectionInitializer(com.jzs.ms_atenciones_medicas.model.Paciente(p).historialMedico)@1960058831 (PluralAttribute(com.jzs.ms_atenciones_medicas.model.Paciente.historialMedico))

2024-04-27T11:09:58.354-04:00 DEBUG 31184 --- [ms_atenciones_medicas] [           main] org.hibernate.SQL                        : select p1_0.rut,p1_0.direccion,p1_0.fecha_nacimiento,p1_0.nombre from at_pacientes p1_0 where p1_0.rut=?
Hibernate: select p1_0.rut,p1_0.direccion,p1_0.fecha_nacimiento,p1_0.nombre from at_pacientes p1_0 where p1_0.rut=?
2024-04-27T11:09:58.381-04:00 DEBUG 31184 --- [ms_atenciones_medicas] [           main] org.hibernate.orm.results                : Extracted JDBC value [0] - [12345678-9]
2024-04-27T11:09:58.381-04:00 DEBUG 31184 --- [ms_atenciones_medicas] [           main] o.hibernate.orm.results.loading.entity   : (EntityResultInitializer) Hydrated EntityKey (com.jzs.ms_atenciones_medicas.model.Paciente(p)): 12345678-9
2024-04-27T11:09:58.381-04:00 DEBUG 31184 --- [ms_atenciones_medicas] [           main] org.hibernate.orm.results                : Extracted JDBC value [0] - [12345678-9]
2024-04-27T11:09:58.382-04:00 DEBUG 31184 --- [ms_atenciones_medicas] [           main] o.h.o.r.l.o.h.o.r.loading.collection     : (DelayedCollectionInitializer) Current row collection key : com.jzs.ms_atenciones_medicas.model.Paciente(p).atencionesMedicas#12345678-9
2024-04-27T11:09:58.382-04:00 DEBUG 31184 --- [ms_atenciones_medicas] [           main] org.hibernate.orm.results                : Extracted JDBC value [0] - [12345678-9]
2024-04-27T11:09:58.382-04:00 DEBUG 31184 --- [ms_atenciones_medicas] [           main] o.h.o.r.l.o.h.o.r.loading.collection     : (DelayedCollectionInitializer) Current row collection key : com.jzs.ms_atenciones_medicas.model.Paciente(p).historialMedico#12345678-9
2024-04-27T11:09:58.382-04:00 DEBUG 31184 --- [ms_atenciones_medicas] [           main] org.hibernate.orm.results.loading        : Calling top-level assembler (0 / 1) : org.hibernate.sql.results.graph.entity.internal.EntityAssembler@34a2e10c
2024-04-27T11:09:58.386-04:00 DEBUG 31184 --- [ms_atenciones_medicas] [           main] org.springframework.test.context.cache   : Spring test ApplicationContext cache statistics: [DefaultContextCache@13fe5bb7 size = 3, maxSize = 32, parentContextCount = 0, hitCount = 54, missCount = 3, failureCount = 0]
2024-04-27T11:09:58.386-04:00 DEBUG 31184 --- [ms_atenciones_medicas] [           main] org.springframework.test.context.cache   : Spring test ApplicationContext cache statistics: [DefaultContextCache@13fe5bb7 size = 3, maxSize = 32, parentContextCount = 0, hitCount = 55, missCount = 3, failureCount = 0]
2024-04-27T11:09:58.386-04:00 DEBUG 31184 --- [ms_atenciones_medicas] [           main] org.springframework.test.context.cache   : Spring test ApplicationContext cache statistics: [DefaultContextCache@13fe5bb7 size = 3, maxSize = 32, parentContextCount = 0, hitCount = 56, missCount = 3, failureCount = 0]
2024-04-27T11:09:58.386-04:00 DEBUG 31184 --- [ms_atenciones_medicas] [           main] org.springframework.test.context.cache   : Spring test ApplicationContext cache statistics: [DefaultContextCache@13fe5bb7 size = 3, maxSize = 32, parentContextCount = 0, hitCount = 57, missCount = 3, failureCount = 0]
2024-04-27T11:09:58.386-04:00 DEBUG 31184 --- [ms_atenciones_medicas] [           main] org.springframework.test.context.cache   : Spring test ApplicationContext cache statistics: [DefaultContextCache@13fe5bb7 size = 3, maxSize = 32, parentContextCount = 0, hitCount = 58, missCount = 3, failureCount = 0]
2024-04-27T11:09:58.386-04:00 DEBUG 31184 --- [ms_atenciones_medicas] [           main] org.springframework.test.context.cache   : Spring test ApplicationContext cache statistics: [DefaultContextCache@13fe5bb7 size = 3, maxSize = 32, parentContextCount = 0, hitCount = 59, missCount = 3, failureCount = 0]
2024-04-27T11:09:58.386-04:00 DEBUG 31184 --- [ms_atenciones_medicas] [           main] o.s.orm.jpa.JpaTransactionManager        : Initiating transaction rollback
2024-04-27T11:09:58.387-04:00 DEBUG 31184 --- [ms_atenciones_medicas] [           main] o.s.orm.jpa.JpaTransactionManager        : Rolling back JPA transaction on EntityManager [SessionImpl(1039867116<open>)]
2024-04-27T11:09:58.387-04:00 DEBUG 31184 --- [ms_atenciones_medicas] [           main] o.h.e.t.internal.TransactionImpl         : rolling back
2024-04-27T11:09:58.419-04:00 DEBUG 31184 --- [ms_atenciones_medicas] [           main] o.s.orm.jpa.JpaTransactionManager        : Closing JPA EntityManager [SessionImpl(1039867116<open>)] after transaction
2024-04-27T11:09:58.419-04:00 DEBUG 31184 --- [ms_atenciones_medicas] [           main] o.s.t.c.transaction.TransactionContext   : Rolled back transaction (1) for test class [com.jzs.ms_atenciones_medicas.repository.AtMedicasRepositoryTest]; test method [buscarPacientePorRutTest]
2024-04-27T11:09:58.420-04:00 DEBUG 31184 --- [ms_atenciones_medicas] [           main] .c.s.DirtiesContextTestExecutionListener : After test method: class [AtMedicasRepositoryTest], method [buscarPacientePorRutTest], class annotated with @DirtiesContext [false] with mode [null], method annotated with @DirtiesContext [false] with mode [null]
]]></system-out>
  </testcase>
  <testcase name="guardarAtencionMedicaTest" classname="com.jzs.ms_atenciones_medicas.repository.AtMedicasRepositoryTest" time="0.155">
    <system-out><![CDATA[2024-04-27T11:09:58.420-04:00 DEBUG 31184 --- [ms_atenciones_medicas] [           main] DependencyInjectionTestExecutionListener : Performing dependency injection for test class com.jzs.ms_atenciones_medicas.repository.AtMedicasRepositoryTest
2024-04-27T11:09:58.420-04:00 DEBUG 31184 --- [ms_atenciones_medicas] [           main] org.springframework.test.context.cache   : Spring test ApplicationContext cache statistics: [DefaultContextCache@13fe5bb7 size = 3, maxSize = 32, parentContextCount = 0, hitCount = 60, missCount = 3, failureCount = 0]
2024-04-27T11:09:58.421-04:00 DEBUG 31184 --- [ms_atenciones_medicas] [           main] org.springframework.test.context.cache   : Spring test ApplicationContext cache statistics: [DefaultContextCache@13fe5bb7 size = 3, maxSize = 32, parentContextCount = 0, hitCount = 61, missCount = 3, failureCount = 0]
2024-04-27T11:09:58.421-04:00 DEBUG 31184 --- [ms_atenciones_medicas] [           main] sContextBeforeModesTestExecutionListener : Before test method: class [AtMedicasRepositoryTest], method [guardarAtencionMedicaTest], class annotated with @DirtiesContext [false] with mode [null], method annotated with @DirtiesContext [false] with mode [null]
2024-04-27T11:09:58.421-04:00 DEBUG 31184 --- [ms_atenciones_medicas] [           main] t.c.t.TransactionalTestExecutionListener : Explicit transaction definition [PROPAGATION_REQUIRED,ISOLATION_DEFAULT] found for test class [com.jzs.ms_atenciones_medicas.repository.AtMedicasRepositoryTest] and test method [guardarAtencionMedicaTest]
2024-04-27T11:09:58.421-04:00 DEBUG 31184 --- [ms_atenciones_medicas] [           main] org.springframework.test.context.cache   : Spring test ApplicationContext cache statistics: [DefaultContextCache@13fe5bb7 size = 3, maxSize = 32, parentContextCount = 0, hitCount = 62, missCount = 3, failureCount = 0]
2024-04-27T11:09:58.421-04:00 DEBUG 31184 --- [ms_atenciones_medicas] [           main] t.c.t.TransactionalTestExecutionListener : No method-level @Rollback override: using default rollback [true] for test method [public void com.jzs.ms_atenciones_medicas.repository.AtMedicasRepositoryTest.guardarAtencionMedicaTest()]
2024-04-27T11:09:58.421-04:00 DEBUG 31184 --- [ms_atenciones_medicas] [           main] o.s.orm.jpa.JpaTransactionManager        : Creating new transaction with name [com.jzs.ms_atenciones_medicas.repository.AtMedicasRepositoryTest.guardarAtencionMedicaTest]: PROPAGATION_REQUIRED,ISOLATION_DEFAULT
2024-04-27T11:09:58.422-04:00 DEBUG 31184 --- [ms_atenciones_medicas] [           main] o.s.orm.jpa.JpaTransactionManager        : Opened new EntityManager [SessionImpl(262822187<open>)] for JPA transaction
2024-04-27T11:09:58.422-04:00 DEBUG 31184 --- [ms_atenciones_medicas] [           main] o.h.e.t.internal.TransactionImpl         : On TransactionImpl creation, JpaCompliance#isJpaTransactionComplianceEnabled == false
2024-04-27T11:09:58.422-04:00 DEBUG 31184 --- [ms_atenciones_medicas] [           main] o.h.e.t.internal.TransactionImpl         : begin
2024-04-27T11:09:58.422-04:00 DEBUG 31184 --- [ms_atenciones_medicas] [           main] o.s.orm.jpa.JpaTransactionManager        : Exposing JPA transaction as JDBC [org.springframework.orm.jpa.vendor.HibernateJpaDialect$HibernateConnectionHandle@49e3bd37]
2024-04-27T11:09:58.422-04:00 DEBUG 31184 --- [ms_atenciones_medicas] [           main] o.s.t.c.transaction.TransactionContext   : Began transaction (1) for test class [com.jzs.ms_atenciones_medicas.repository.AtMedicasRepositoryTest]; test method [guardarAtencionMedicaTest]; transaction manager [org.springframework.orm.jpa.JpaTransactionManager@3d475f1b]; rollback [true]
2024-04-27T11:09:58.422-04:00 DEBUG 31184 --- [ms_atenciones_medicas] [           main] org.springframework.test.context.cache   : Spring test ApplicationContext cache statistics: [DefaultContextCache@13fe5bb7 size = 3, maxSize = 32, parentContextCount = 0, hitCount = 63, missCount = 3, failureCount = 0]
2024-04-27T11:09:58.422-04:00 DEBUG 31184 --- [ms_atenciones_medicas] [           main] org.springframework.test.context.cache   : Spring test ApplicationContext cache statistics: [DefaultContextCache@13fe5bb7 size = 3, maxSize = 32, parentContextCount = 0, hitCount = 64, missCount = 3, failureCount = 0]
2024-04-27T11:09:58.422-04:00 DEBUG 31184 --- [ms_atenciones_medicas] [           main] org.springframework.test.context.cache   : Spring test ApplicationContext cache statistics: [DefaultContextCache@13fe5bb7 size = 3, maxSize = 32, parentContextCount = 0, hitCount = 65, missCount = 3, failureCount = 0]
2024-04-27T11:09:58.423-04:00 DEBUG 31184 --- [ms_atenciones_medicas] [           main] org.hibernate.SQL                        : insert into at_pacientes (direccion,fecha_nacimiento,nombre,rut) values (?,?,?,?)
Hibernate: insert into at_pacientes (direccion,fecha_nacimiento,nombre,rut) values (?,?,?,?)
2024-04-27T11:09:58.449-04:00 DEBUG 31184 --- [ms_atenciones_medicas] [           main] org.hibernate.engine.spi.ActionQueue     : Executing identity-insert immediately
2024-04-27T11:09:58.450-04:00 DEBUG 31184 --- [ms_atenciones_medicas] [           main] org.hibernate.SQL                        : insert into at_historial_medico (detalle_historial,fecha_ingreso_historial,paciente_rut,id_historial) values (?,?,?,default)
Hibernate: insert into at_historial_medico (detalle_historial,fecha_ingreso_historial,paciente_rut,id_historial) values (?,?,?,default)
2024-04-27T11:09:58.499-04:00 DEBUG 31184 --- [ms_atenciones_medicas] [           main] o.h.id.IdentifierGeneratorHelper         : Natively generated identity (com.jzs.ms_atenciones_medicas.model.HistorialMedico) : 48
2024-04-27T11:09:58.499-04:00 DEBUG 31184 --- [ms_atenciones_medicas] [           main] o.s.orm.jpa.JpaTransactionManager        : Found thread-bound EntityManager [SessionImpl(262822187<open>)] for JPA transaction
2024-04-27T11:09:58.499-04:00 DEBUG 31184 --- [ms_atenciones_medicas] [           main] o.s.orm.jpa.JpaTransactionManager        : Participating in existing transaction
2024-04-27T11:09:58.500-04:00 DEBUG 31184 --- [ms_atenciones_medicas] [           main] o.h.j.internal.PersistenceUnitUtilImpl   : jakarta.persistence.PersistenceUnitUtil.getIdentifier is only intended to work with enhanced entities (although Hibernate also adapts this support to its proxies); however the passed entity was not enhanced (nor a proxy).. may not be able to read identifier
2024-04-27T11:09:58.500-04:00 DEBUG 31184 --- [ms_atenciones_medicas] [           main] org.hibernate.engine.spi.ActionQueue     : Executing identity-insert immediately
2024-04-27T11:09:58.500-04:00 DEBUG 31184 --- [ms_atenciones_medicas] [           main] org.hibernate.SQL                        : insert into at_atenciones_medicas (centro_salud,detalle_atencion,fecha,paciente_rut,id) values (?,?,?,?,default)
Hibernate: insert into at_atenciones_medicas (centro_salud,detalle_atencion,fecha,paciente_rut,id) values (?,?,?,?,default)
2024-04-27T11:09:58.549-04:00 DEBUG 31184 --- [ms_atenciones_medicas] [           main] o.h.id.IdentifierGeneratorHelper         : Natively generated identity (com.jzs.ms_atenciones_medicas.model.AtencionMedica) : 68
2024-04-27T11:09:58.550-04:00 DEBUG 31184 --- [ms_atenciones_medicas] [           main] org.springframework.test.context.cache   : Spring test ApplicationContext cache statistics: [DefaultContextCache@13fe5bb7 size = 3, maxSize = 32, parentContextCount = 0, hitCount = 66, missCount = 3, failureCount = 0]
2024-04-27T11:09:58.550-04:00 DEBUG 31184 --- [ms_atenciones_medicas] [           main] org.springframework.test.context.cache   : Spring test ApplicationContext cache statistics: [DefaultContextCache@13fe5bb7 size = 3, maxSize = 32, parentContextCount = 0, hitCount = 67, missCount = 3, failureCount = 0]
2024-04-27T11:09:58.550-04:00 DEBUG 31184 --- [ms_atenciones_medicas] [           main] org.springframework.test.context.cache   : Spring test ApplicationContext cache statistics: [DefaultContextCache@13fe5bb7 size = 3, maxSize = 32, parentContextCount = 0, hitCount = 68, missCount = 3, failureCount = 0]
2024-04-27T11:09:58.550-04:00 DEBUG 31184 --- [ms_atenciones_medicas] [           main] org.springframework.test.context.cache   : Spring test ApplicationContext cache statistics: [DefaultContextCache@13fe5bb7 size = 3, maxSize = 32, parentContextCount = 0, hitCount = 69, missCount = 3, failureCount = 0]
2024-04-27T11:09:58.550-04:00 DEBUG 31184 --- [ms_atenciones_medicas] [           main] org.springframework.test.context.cache   : Spring test ApplicationContext cache statistics: [DefaultContextCache@13fe5bb7 size = 3, maxSize = 32, parentContextCount = 0, hitCount = 70, missCount = 3, failureCount = 0]
2024-04-27T11:09:58.550-04:00 DEBUG 31184 --- [ms_atenciones_medicas] [           main] org.springframework.test.context.cache   : Spring test ApplicationContext cache statistics: [DefaultContextCache@13fe5bb7 size = 3, maxSize = 32, parentContextCount = 0, hitCount = 71, missCount = 3, failureCount = 0]
2024-04-27T11:09:58.550-04:00 DEBUG 31184 --- [ms_atenciones_medicas] [           main] o.s.orm.jpa.JpaTransactionManager        : Initiating transaction rollback
2024-04-27T11:09:58.550-04:00 DEBUG 31184 --- [ms_atenciones_medicas] [           main] o.s.orm.jpa.JpaTransactionManager        : Rolling back JPA transaction on EntityManager [SessionImpl(262822187<open>)]
2024-04-27T11:09:58.550-04:00 DEBUG 31184 --- [ms_atenciones_medicas] [           main] o.h.e.t.internal.TransactionImpl         : rolling back
2024-04-27T11:09:58.575-04:00 DEBUG 31184 --- [ms_atenciones_medicas] [           main] o.s.orm.jpa.JpaTransactionManager        : Closing JPA EntityManager [SessionImpl(262822187<open>)] after transaction
2024-04-27T11:09:58.576-04:00 DEBUG 31184 --- [ms_atenciones_medicas] [           main] o.s.t.c.transaction.TransactionContext   : Rolled back transaction (1) for test class [com.jzs.ms_atenciones_medicas.repository.AtMedicasRepositoryTest]; test method [guardarAtencionMedicaTest]
2024-04-27T11:09:58.576-04:00 DEBUG 31184 --- [ms_atenciones_medicas] [           main] .c.s.DirtiesContextTestExecutionListener : After test method: class [AtMedicasRepositoryTest], method [guardarAtencionMedicaTest], class annotated with @DirtiesContext [false] with mode [null], method annotated with @DirtiesContext [false] with mode [null]
]]></system-out>
  </testcase>
</testsuite>